#
# There is insufficient memory for the Java Runtime Environment to continue.
# Native memory allocation (malloc) failed to allocate 170112 bytes for Chunk::new
# Possible reasons:
#   The system is out of physical RAM or swap space
#   The process is running with CompressedOops enabled, and the Java Heap may be blocking the growth of the native heap
# Possible solutions:
#   Reduce memory load on the system
#   Increase physical memory or swap space
#   Check if swap backing store is full
#   Decrease Java heap size (-Xmx/-Xms)
#   Decrease number of Java threads
#   Decrease Java thread stack sizes (-Xss)
#   Set larger code cache with -XX:ReservedCodeCacheSize=
#   JVM is running with Unscaled Compressed Oops mode in which the Java heap is
#     placed in the first 4GB address space. The Java Heap base address is the
#     maximum limit for the native heap growth. Please use -XX:HeapBaseMinAddress
#     to set the Java Heap base and to place the Java Heap above 4GB virtual address.
# This output file may be truncated or incomplete.
#
#  Out of Memory Error (./src/hotspot/share/memory/arena.cpp:197), pid=20388, tid=16940
#
# JRE version: OpenJDK Runtime Environment (11.0.13) (build 11.0.13+0-b1751.21-8125866)
# Java VM: OpenJDK 64-Bit Server VM (11.0.13+0-b1751.21-8125866, mixed mode, tiered, compressed oops, g1 gc, windows-amd64)
# No core dump will be written. Minidumps are not enabled by default on client versions of Windows
#

---------------  S U M M A R Y ------------

Command Line: --add-opens=java.base/java.util=ALL-UNNAMED --add-opens=java.base/java.lang=ALL-UNNAMED --add-opens=java.base/java.lang.invoke=ALL-UNNAMED --add-opens=java.base/java.util=ALL-UNNAMED --add-opens=java.prefs/java.util.prefs=ALL-UNNAMED --add-opens=java.prefs/java.util.prefs=ALL-UNNAMED --add-opens=java.base/java.nio.charset=ALL-UNNAMED --add-opens=java.base/java.net=ALL-UNNAMED --add-opens=java.base/java.util.concurrent.atomic=ALL-UNNAMED -Xmx2048m -Dfile.encoding=UTF-8 -Duser.country=RU -Duser.language=ru -Duser.variant org.gradle.launcher.daemon.bootstrap.GradleDaemon 7.3.3

Host: Intel(R) Core(TM) i5-5300U CPU @ 2.30GHz, 4 cores, 15G,  Windows 10 , 64 bit Build 17763 (10.0.17763.4377)
Time: Mon May 22 20:05:08 2023 Oeieyiaey (eaoi) elapsed time: 32.899143 seconds (0d 0h 0m 32s)

---------------  T H R E A D  ---------------

Current thread (0x000001e4a558f800):  JavaThread "C2 CompilerThread0" daemon [_thread_in_native, id=16940, stack(0x00000091a4e00000,0x00000091a4f00000)]


Current CompileTask:
C2:  32899 7089       4       groovy.lang.MetaClassImpl$1MOPIter::methodNameAction (325 bytes)

Stack: [0x00000091a4e00000,0x00000091a4f00000]
Native frames: (J=compiled Java code, j=interpreted, Vv=VM code, C=native code)
V  [jvm.dll+0x6100fa]
V  [jvm.dll+0x747090]
V  [jvm.dll+0x7486ad]
V  [jvm.dll+0x748d83]
V  [jvm.dll+0x24ab48]
V  [jvm.dll+0xc04dc]
V  [jvm.dll+0xc0a0c]
V  [jvm.dll+0xc060c]
V  [jvm.dll+0x66c33c]
V  [jvm.dll+0x52b4f4]
V  [jvm.dll+0x52dcbb]
V  [jvm.dll+0x518bca]
V  [jvm.dll+0x518afc]
V  [jvm.dll+0x51ced7]
V  [jvm.dll+0x51cd3b]
V  [jvm.dll+0x51ccb6]
V  [jvm.dll+0x51cd99]
V  [jvm.dll+0x524808]
V  [jvm.dll+0x204a21]
V  [jvm.dll+0x2023c2]
V  [jvm.dll+0x188e01]
V  [jvm.dll+0x21106b]
V  [jvm.dll+0x20f8c1]
V  [jvm.dll+0x70de0f]
V  [jvm.dll+0x706a75]
V  [jvm.dll+0x60ed66]
C  [ucrtbase.dll+0x2268a]
C  [KERNEL32.DLL+0x17ac4]
C  [ntdll.dll+0x5a351]


---------------  P R O C E S S  ---------------

Threads class SMR info:
_java_thread_list=0x000001e4aca17650, length=79, elements={
0x000001e48b0f1800, 0x000001e4a556a000, 0x000001e4a556b800, 0x000001e4a5589000,
0x000001e4a558b000, 0x000001e4a558c800, 0x000001e4a558f800, 0x000001e4a55d2800,
0x000001e4a5647000, 0x000001e4a574e800, 0x000001e4a71df800, 0x000001e4a7f5b000,
0x000001e4a6ba2800, 0x000001e4a7f8a000, 0x000001e4a7d5e000, 0x000001e4a7cf7800,
0x000001e4a76cf000, 0x000001e4a76d0000, 0x000001e4a7db7800, 0x000001e4a7e6c800,
0x000001e4a76c8800, 0x000001e4a76c3000, 0x000001e4a76c7800, 0x000001e4a76c5800,
0x000001e4a76c6000, 0x000001e4a76c7000, 0x000001e4a76c4800, 0x000001e4a76c9800,
0x000001e4a76c3800, 0x000001e4a7bd7800, 0x000001e4a7bd6800, 0x000001e4a7bd9000,
0x000001e4a7bd8800, 0x000001e4a7bda000, 0x000001e4a7bd4000, 0x000001e4a7bd6000,
0x000001e4a7bda800, 0x000001e4a7bd5000, 0x000001e4a7bdf800, 0x000001e4a7be1800,
0x000001e4a7be0800, 0x000001e4a7bdb800, 0x000001e4a7be2000, 0x000001e4a7bdc800,
0x000001e4a7bdd000, 0x000001e4a7bde000, 0x000001e4a7bdf000, 0x000001e4ac432000,
0x000001e4ac42f800, 0x000001e4ac42c000, 0x000001e4ac42d000, 0x000001e4ac432800,
0x000001e4ac42e800, 0x000001e4ac430800, 0x000001e4ac433800, 0x000001e4ac42e000,
0x000001e4ac434800, 0x000001e4ac436000, 0x000001e4ac435000, 0x000001e4ac437000,
0x000001e4ac431000, 0x000001e4ac43a000, 0x000001e4ac43b000, 0x000001e4ac438800,
0x000001e4ac437800, 0x000001e4ac439800, 0x000001e4aaeb6800, 0x000001e4aaeb7800,
0x000001e4aaeb9000, 0x000001e4aaeb8800, 0x000001e4aaeba000, 0x000001e4aaeb4000,
0x000001e4aaebb000, 0x000001e4aaeb5000, 0x000001e4aaebb800, 0x000001e4aaeb6000,
0x000001e4aaec0800, 0x000001e4aaebf000, 0x000001e4a6fab000
}

Java Threads: ( => current thread )
  0x000001e48b0f1800 JavaThread "main" [_thread_blocked, id=4256, stack(0x00000091a4200000,0x00000091a4300000)]
  0x000001e4a556a000 JavaThread "Reference Handler" daemon [_thread_blocked, id=13672, stack(0x00000091a4900000,0x00000091a4a00000)]
  0x000001e4a556b800 JavaThread "Finalizer" daemon [_thread_blocked, id=5576, stack(0x00000091a4a00000,0x00000091a4b00000)]
  0x000001e4a5589000 JavaThread "Signal Dispatcher" daemon [_thread_blocked, id=19640, stack(0x00000091a4b00000,0x00000091a4c00000)]
  0x000001e4a558b000 JavaThread "Attach Listener" daemon [_thread_blocked, id=22408, stack(0x00000091a4c00000,0x00000091a4d00000)]
  0x000001e4a558c800 JavaThread "Service Thread" daemon [_thread_blocked, id=12860, stack(0x00000091a4d00000,0x00000091a4e00000)]
=>0x000001e4a558f800 JavaThread "C2 CompilerThread0" daemon [_thread_in_native, id=16940, stack(0x00000091a4e00000,0x00000091a4f00000)]
  0x000001e4a55d2800 JavaThread "C1 CompilerThread0" daemon [_thread_blocked, id=18044, stack(0x00000091a4f00000,0x00000091a5000000)]
  0x000001e4a5647000 JavaThread "Sweeper thread" daemon [_thread_blocked, id=19628, stack(0x00000091a5000000,0x00000091a5100000)]
  0x000001e4a574e800 JavaThread "Common-Cleaner" daemon [_thread_blocked, id=14508, stack(0x00000091a5100000,0x00000091a5200000)]
  0x000001e4a71df800 JavaThread "Daemon health stats" [_thread_blocked, id=15772, stack(0x00000091a5700000,0x00000091a5800000)]
  0x000001e4a7f5b000 JavaThread "Incoming local TCP Connector on port 52787" [_thread_in_native, id=17096, stack(0x00000091a5300000,0x00000091a5400000)]
  0x000001e4a6ba2800 JavaThread "Daemon periodic checks" [_thread_blocked, id=15024, stack(0x00000091a5800000,0x00000091a5900000)]
  0x000001e4a7f8a000 JavaThread "Daemon" [_thread_blocked, id=22104, stack(0x00000091a5900000,0x00000091a5a00000)]
  0x000001e4a7d5e000 JavaThread "Handler for socket connection from /127.0.0.1:52787 to /127.0.0.1:52788" [_thread_in_native, id=13212, stack(0x00000091a5a00000,0x00000091a5b00000)]
  0x000001e4a7cf7800 JavaThread "Cancel handler" [_thread_blocked, id=18680, stack(0x00000091a5b00000,0x00000091a5c00000)]
  0x000001e4a76cf000 JavaThread "Daemon worker" [_thread_in_native, id=8412, stack(0x00000091a5c00000,0x00000091a5d00000)]
  0x000001e4a76d0000 JavaThread "Asynchronous log dispatcher for DefaultDaemonConnection: socket connection from /127.0.0.1:52787 to /127.0.0.1:52788" [_thread_blocked, id=22192, stack(0x00000091a5d00000,0x00000091a5e00000)]
  0x000001e4a7db7800 JavaThread "Stdin handler" [_thread_blocked, id=20096, stack(0x00000091a5e00000,0x00000091a5f00000)]
  0x000001e4a7e6c800 JavaThread "Daemon client event forwarder" [_thread_blocked, id=10808, stack(0x00000091a5f00000,0x00000091a6000000)]
  0x000001e4a76c8800 JavaThread "Cache worker for journal cache (C:\Users\Maxim\.gradle\caches\journal-1)" [_thread_blocked, id=5568, stack(0x00000091a6000000,0x00000091a6100000)]
  0x000001e4a76c3000 JavaThread "File lock request listener" [_thread_in_native, id=21168, stack(0x00000091a6100000,0x00000091a6200000)]
  0x000001e4a76c7800 JavaThread "Cache worker for file hash cache (C:\Users\Maxim\.gradle\caches\7.3.3\fileHashes)" [_thread_blocked, id=11892, stack(0x00000091a6200000,0x00000091a6300000)]
  0x000001e4a76c5800 JavaThread "Cache worker for file hash cache (C:\Users\Maxim\Documents\GitHub\Pizzeria_App\.gradle\7.3.3\fileHashes)" [_thread_blocked, id=10536, stack(0x00000091a6400000,0x00000091a6500000)]
  0x000001e4a76c6000 JavaThread "File watcher server" daemon [_thread_in_native, id=12796, stack(0x00000091a6500000,0x00000091a6600000)]
  0x000001e4a76c7000 JavaThread "File watcher consumer" daemon [_thread_blocked, id=20808, stack(0x00000091a6600000,0x00000091a6700000)]
  0x000001e4a76c4800 JavaThread "Cache worker for checksums cache (C:\Users\Maxim\Documents\GitHub\Pizzeria_App\.gradle\7.3.3\checksums)" [_thread_blocked, id=8860, stack(0x00000091a6700000,0x00000091a6800000)]
  0x000001e4a76c9800 JavaThread "Cache worker for cache directory md-supplier (C:\Users\Maxim\.gradle\caches\7.3.3\md-supplier)" [_thread_blocked, id=22068, stack(0x00000091a6800000,0x00000091a6900000)]
  0x000001e4a76c3800 JavaThread "Cache worker for cache directory md-rule (C:\Users\Maxim\.gradle\caches\7.3.3\md-rule)" [_thread_blocked, id=4460, stack(0x00000091a6900000,0x00000091a6a00000)]
  0x000001e4a7bd7800 JavaThread "Cache worker for execution history cache (C:\Users\Maxim\.gradle\caches\7.3.3\executionHistory)" [_thread_blocked, id=17400, stack(0x00000091a6a00000,0x00000091a6b00000)]
  0x000001e4a7bd6800 JavaThread "jar transforms" [_thread_blocked, id=16736, stack(0x00000091a6b00000,0x00000091a6c00000)]
  0x000001e4a7bd9000 JavaThread "Cache worker for file content cache (C:\Users\Maxim\.gradle\caches\7.3.3\fileContent)" [_thread_blocked, id=16764, stack(0x00000091a6c00000,0x00000091a6d00000)]
  0x000001e4a7bd8800 JavaThread "jar transforms Thread 2" [_thread_blocked, id=17964, stack(0x00000091a6d00000,0x00000091a6e00000)]
  0x000001e4a7bda000 JavaThread "Cache worker for dependencies-accessors (C:\Users\Maxim\Documents\GitHub\Pizzeria_App\.gradle\7.3.3\dependencies-accessors)" [_thread_blocked, id=21048, stack(0x00000091a6e00000,0x00000091a6f00000)]
  0x000001e4a7bd4000 JavaThread "jar transforms Thread 3" [_thread_blocked, id=10824, stack(0x00000091a6f00000,0x00000091a7000000)]
  0x000001e4a7bd6000 JavaThread "Cache worker for Build Output Cleanup Cache (C:\Users\Maxim\Documents\GitHub\Pizzeria_App\.gradle\buildOutputCleanup)" [_thread_blocked, id=20100, stack(0x00000091a7000000,0x00000091a7100000)]
  0x000001e4a7bda800 JavaThread "Unconstrained build operations" [_thread_blocked, id=20964, stack(0x00000091a7100000,0x00000091a7200000)]
  0x000001e4a7bd5000 JavaThread "Unconstrained build operations Thread 2" [_thread_blocked, id=4876, stack(0x00000091a7200000,0x00000091a7300000)]
  0x000001e4a7bdf800 JavaThread "Unconstrained build operations Thread 3" [_thread_blocked, id=8312, stack(0x00000091a7300000,0x00000091a7400000)]
  0x000001e4a7be1800 JavaThread "Unconstrained build operations Thread 4" [_thread_blocked, id=8588, stack(0x00000091a7400000,0x00000091a7500000)]
  0x000001e4a7be0800 JavaThread "Unconstrained build operations Thread 5" [_thread_blocked, id=19020, stack(0x00000091a7500000,0x00000091a7600000)]
  0x000001e4a7bdb800 JavaThread "Unconstrained build operations Thread 6" [_thread_blocked, id=21876, stack(0x00000091a7600000,0x00000091a7700000)]
  0x000001e4a7be2000 JavaThread "Unconstrained build operations Thread 7" [_thread_blocked, id=21512, stack(0x00000091a7700000,0x00000091a7800000)]
  0x000001e4a7bdc800 JavaThread "Unconstrained build operations Thread 8" [_thread_blocked, id=9520, stack(0x00000091a7800000,0x00000091a7900000)]
  0x000001e4a7bdd000 JavaThread "Unconstrained build operations Thread 9" [_thread_blocked, id=14420, stack(0x00000091a7900000,0x00000091a7a00000)]
  0x000001e4a7bde000 JavaThread "Unconstrained build operations Thread 10" [_thread_blocked, id=22324, stack(0x00000091a7a00000,0x00000091a7b00000)]
  0x000001e4a7bdf000 JavaThread "Unconstrained build operations Thread 11" [_thread_blocked, id=21460, stack(0x00000091a7b00000,0x00000091a7c00000)]
  0x000001e4ac432000 JavaThread "Unconstrained build operations Thread 12" [_thread_blocked, id=16800, stack(0x00000091a7c00000,0x00000091a7d00000)]
  0x000001e4ac42f800 JavaThread "Unconstrained build operations Thread 13" [_thread_blocked, id=17060, stack(0x00000091a7d00000,0x00000091a7e00000)]
  0x000001e4ac42c000 JavaThread "Unconstrained build operations Thread 14" [_thread_blocked, id=21292, stack(0x00000091a7e00000,0x00000091a7f00000)]
  0x000001e4ac42d000 JavaThread "Unconstrained build operations Thread 15" [_thread_blocked, id=20592, stack(0x00000091a7f00000,0x00000091a8000000)]
  0x000001e4ac432800 JavaThread "Unconstrained build operations Thread 16" [_thread_blocked, id=4524, stack(0x00000091a8000000,0x00000091a8100000)]
  0x000001e4ac42e800 JavaThread "Unconstrained build operations Thread 17" [_thread_blocked, id=20144, stack(0x00000091a8100000,0x00000091a8200000)]
  0x000001e4ac430800 JavaThread "Unconstrained build operations Thread 18" [_thread_blocked, id=15668, stack(0x00000091a8200000,0x00000091a8300000)]
  0x000001e4ac433800 JavaThread "Unconstrained build operations Thread 19" [_thread_blocked, id=12396, stack(0x00000091a8300000,0x00000091a8400000)]
  0x000001e4ac42e000 JavaThread "Unconstrained build operations Thread 20" [_thread_blocked, id=936, stack(0x00000091a8400000,0x00000091a8500000)]
  0x000001e4ac434800 JavaThread "Unconstrained build operations Thread 21" [_thread_blocked, id=5496, stack(0x00000091a8500000,0x00000091a8600000)]
  0x000001e4ac436000 JavaThread "Unconstrained build operations Thread 22" [_thread_blocked, id=9184, stack(0x00000091a8600000,0x00000091a8700000)]
  0x000001e4ac435000 JavaThread "Unconstrained build operations Thread 23" [_thread_blocked, id=17168, stack(0x00000091a8700000,0x00000091a8800000)]
  0x000001e4ac437000 JavaThread "Unconstrained build operations Thread 24" [_thread_blocked, id=7132, stack(0x00000091a8800000,0x00000091a8900000)]
  0x000001e4ac431000 JavaThread "Unconstrained build operations Thread 25" [_thread_blocked, id=16496, stack(0x00000091a8900000,0x00000091a8a00000)]
  0x000001e4ac43a000 JavaThread "Unconstrained build operations Thread 26" [_thread_blocked, id=16824, stack(0x00000091a8a00000,0x00000091a8b00000)]
  0x000001e4ac43b000 JavaThread "Unconstrained build operations Thread 27" [_thread_blocked, id=18888, stack(0x00000091a8b00000,0x00000091a8c00000)]
  0x000001e4ac438800 JavaThread "Unconstrained build operations Thread 28" [_thread_blocked, id=20880, stack(0x00000091a8c00000,0x00000091a8d00000)]
  0x000001e4ac437800 JavaThread "Unconstrained build operations Thread 29" [_thread_blocked, id=17772, stack(0x00000091a8d00000,0x00000091a8e00000)]
  0x000001e4ac439800 JavaThread "Unconstrained build operations Thread 30" [_thread_blocked, id=1836, stack(0x00000091a8e00000,0x00000091a8f00000)]
  0x000001e4aaeb6800 JavaThread "Unconstrained build operations Thread 31" [_thread_blocked, id=16168, stack(0x00000091a8f00000,0x00000091a9000000)]
  0x000001e4aaeb7800 JavaThread "Unconstrained build operations Thread 32" [_thread_blocked, id=20988, stack(0x00000091a9000000,0x00000091a9100000)]
  0x000001e4aaeb9000 JavaThread "Unconstrained build operations Thread 33" [_thread_blocked, id=21516, stack(0x00000091a9100000,0x00000091a9200000)]
  0x000001e4aaeb8800 JavaThread "Unconstrained build operations Thread 34" [_thread_blocked, id=8796, stack(0x00000091a9200000,0x00000091a9300000)]
  0x000001e4aaeba000 JavaThread "Unconstrained build operations Thread 35" [_thread_blocked, id=17448, stack(0x00000091a9300000,0x00000091a9400000)]
  0x000001e4aaeb4000 JavaThread "Unconstrained build operations Thread 36" [_thread_blocked, id=5188, stack(0x00000091a9400000,0x00000091a9500000)]
  0x000001e4aaebb000 JavaThread "Unconstrained build operations Thread 37" [_thread_blocked, id=10488, stack(0x00000091a9500000,0x00000091a9600000)]
  0x000001e4aaeb5000 JavaThread "Unconstrained build operations Thread 38" [_thread_blocked, id=15780, stack(0x00000091a9600000,0x00000091a9700000)]
  0x000001e4aaebb800 JavaThread "Unconstrained build operations Thread 39" [_thread_blocked, id=15908, stack(0x00000091a9700000,0x00000091a9800000)]
  0x000001e4aaeb6000 JavaThread "Unconstrained build operations Thread 40" [_thread_blocked, id=19636, stack(0x00000091a9800000,0x00000091a9900000)]
  0x000001e4aaec0800 JavaThread "jar transforms Thread 4" [_thread_blocked, id=21424, stack(0x00000091a9900000,0x00000091a9a00000)]
  0x000001e4aaebf000 JavaThread "Memory manager" [_thread_blocked, id=7860, stack(0x00000091a6300000,0x00000091a6400000)]
  0x000001e4a6fab000 JavaThread "C2 CompilerThread1" daemon [_thread_in_native, id=19324, stack(0x00000091a9a00000,0x00000091a9b00000)]

Other Threads:
  0x000001e4a555f800 VMThread "VM Thread" [stack: 0x00000091a4800000,0x00000091a4900000] [id=7044]
  0x000001e4a5799000 WatcherThread [stack: 0x00000091a5200000,0x00000091a5300000] [id=10344]
  0x000001e48b10b000 GCTaskThread "GC Thread#0" [stack: 0x00000091a4300000,0x00000091a4400000] [id=20224]
  0x000001e4a5db8000 GCTaskThread "GC Thread#1" [stack: 0x00000091a5400000,0x00000091a5500000] [id=16344]
  0x000001e4a5dad800 GCTaskThread "GC Thread#2" [stack: 0x00000091a5500000,0x00000091a5600000] [id=19980]
  0x000001e4a5da2800 GCTaskThread "GC Thread#3" [stack: 0x00000091a5600000,0x00000091a5700000] [id=16580]
  0x000001e48b13b800 ConcurrentGCThread "G1 Main Marker" [stack: 0x00000091a4400000,0x00000091a4500000] [id=15452]
  0x000001e48b13d000 ConcurrentGCThread "G1 Conc#0" [stack: 0x00000091a4500000,0x00000091a4600000] [id=7480]
  0x000001e48b1be000 ConcurrentGCThread "G1 Refine#0" [stack: 0x00000091a4600000,0x00000091a4700000] [id=15632]
  0x000001e4a4bac800 ConcurrentGCThread "G1 Young RemSet Sampling" [stack: 0x00000091a4700000,0x00000091a4800000] [id=7900]

Threads with active compile tasks:
C2 CompilerThread0  32972 7089       4       groovy.lang.MetaClassImpl$1MOPIter::methodNameAction (325 bytes)
C2 CompilerThread1  32972 7084       4       java.lang.Class::getMethodsRecursive (99 bytes)

VM state:not at safepoint (normal execution)

VM Mutex/Monitor currently owned by a thread: None

Heap address: 0x0000000080000000, size: 2048 MB, Compressed Oops mode: 32-bit
Narrow klass base: 0x0000000000000000, Narrow klass shift: 3
Compressed class space size: 1073741824 Address: 0x0000000100000000

Heap:
 garbage-first heap   total 262144K, used 171469K [0x0000000080000000, 0x0000000100000000)
  region size 1024K, 137 young (140288K), 20 survivors (20480K)
 Metaspace       used 68268K, capacity 69918K, committed 69968K, reserved 1110016K
  class space    used 8571K, capacity 9184K, committed 9216K, reserved 1048576K
Heap Regions: E=young(eden), S=young(survivor), O=old, HS=humongous(starts), HC=humongous(continues), CS=collection set, F=free, A=archive, TAMS=top-at-mark-start (previous, next)
|   0|0x0000000080000000, 0x0000000080100000, 0x0000000080100000|100%| O|  |TAMS 0x0000000080100000, 0x0000000080000000| Untracked 
|   1|0x0000000080100000, 0x0000000080200000, 0x0000000080200000|100%| O|  |TAMS 0x0000000080200000, 0x0000000080100000| Untracked 
|   2|0x0000000080200000, 0x0000000080300000, 0x0000000080300000|100%| O|  |TAMS 0x0000000080300000, 0x0000000080200000| Untracked 
|   3|0x0000000080300000, 0x0000000080400000, 0x0000000080400000|100%|HS|  |TAMS 0x0000000080400000, 0x0000000080300000| Complete 
|   4|0x0000000080400000, 0x0000000080500000, 0x0000000080500000|100%|HC|  |TAMS 0x0000000080500000, 0x0000000080400000| Complete 
|   5|0x0000000080500000, 0x0000000080600000, 0x0000000080600000|100%|HC|  |TAMS 0x0000000080600000, 0x0000000080500000| Complete 
|   6|0x0000000080600000, 0x0000000080700000, 0x0000000080700000|100%| O|  |TAMS 0x0000000080700000, 0x0000000080600000| Untracked 
|   7|0x0000000080700000, 0x0000000080800000, 0x0000000080800000|100%| O|  |TAMS 0x0000000080800000, 0x0000000080700000| Untracked 
|   8|0x0000000080800000, 0x0000000080900000, 0x0000000080900000|100%| O|  |TAMS 0x0000000080900000, 0x0000000080800000| Untracked 
|   9|0x0000000080900000, 0x0000000080a00000, 0x0000000080a00000|100%| O|  |TAMS 0x0000000080a00000, 0x0000000080900000| Untracked 
|  10|0x0000000080a00000, 0x0000000080b00000, 0x0000000080b00000|100%| O|  |TAMS 0x0000000080b00000, 0x0000000080a00000| Untracked 
|  11|0x0000000080b00000, 0x0000000080c00000, 0x0000000080c00000|100%| O|  |TAMS 0x0000000080c00000, 0x0000000080b00000| Untracked 
|  12|0x0000000080c00000, 0x0000000080d00000, 0x0000000080d00000|100%| O|  |TAMS 0x0000000080d00000, 0x0000000080c00000| Untracked 
|  13|0x0000000080d00000, 0x0000000080e00000, 0x0000000080e00000|100%| O|  |TAMS 0x0000000080e00000, 0x0000000080d00000| Untracked 
|  14|0x0000000080e00000, 0x0000000080f00000, 0x0000000080f00000|100%| O|  |TAMS 0x0000000080f00000, 0x0000000080e00000| Untracked 
|  15|0x0000000080f00000, 0x0000000081000000, 0x0000000081000000|100%| O|  |TAMS 0x0000000081000000, 0x0000000080f00000| Untracked 
|  16|0x0000000081000000, 0x0000000081100000, 0x0000000081100000|100%|HS|  |TAMS 0x0000000081100000, 0x0000000081000000| Complete 
|  17|0x0000000081100000, 0x0000000081200000, 0x0000000081200000|100%|HS|  |TAMS 0x0000000081200000, 0x0000000081100000| Complete 
|  18|0x0000000081200000, 0x0000000081300000, 0x0000000081300000|100%|HS|  |TAMS 0x0000000081300000, 0x0000000081200000| Complete 
|  19|0x0000000081300000, 0x0000000081400000, 0x0000000081400000|100%|HS|  |TAMS 0x0000000081400000, 0x0000000081300000| Complete 
|  20|0x0000000081400000, 0x0000000081500000, 0x0000000081500000|100%|HC|  |TAMS 0x0000000081500000, 0x0000000081400000| Complete 
|  21|0x0000000081500000, 0x0000000081600000, 0x0000000081600000|100%|HC|  |TAMS 0x0000000081600000, 0x0000000081500000| Complete 
|  22|0x0000000081600000, 0x0000000081700000, 0x0000000081700000|100%|HS|  |TAMS 0x0000000081700000, 0x0000000081600000| Complete 
|  23|0x0000000081700000, 0x0000000081800000, 0x0000000081800000|100%|HC|  |TAMS 0x0000000081800000, 0x0000000081700000| Complete 
|  24|0x0000000081800000, 0x0000000081900000, 0x0000000081900000|100%| O|  |TAMS 0x0000000081900000, 0x0000000081800000| Untracked 
|  25|0x0000000081900000, 0x0000000081a00000, 0x0000000081a00000|100%| O|  |TAMS 0x0000000081a00000, 0x0000000081900000| Untracked 
|  26|0x0000000081a00000, 0x0000000081b00000, 0x0000000081b00000|100%| O|  |TAMS 0x0000000081b00000, 0x0000000081a00000| Untracked 
|  27|0x0000000081b00000, 0x0000000081c00000, 0x0000000081c00000|100%| O|  |TAMS 0x0000000081c00000, 0x0000000081b00000| Untracked 
|  28|0x0000000081c00000, 0x0000000081d00000, 0x0000000081d00000|100%| O|  |TAMS 0x0000000081d00000, 0x0000000081c00000| Untracked 
|  29|0x0000000081d00000, 0x0000000081e00000, 0x0000000081e00000|100%| O|  |TAMS 0x0000000081e00000, 0x0000000081d00000| Untracked 
|  30|0x0000000081e00000, 0x0000000081f00000, 0x0000000081f00000|100%| O|  |TAMS 0x0000000081f00000, 0x0000000081e00000| Untracked 
|  31|0x0000000081f00000, 0x0000000081f73600, 0x0000000082000000| 45%| O|  |TAMS 0x0000000081f73600, 0x0000000081f00000| Untracked 
|  32|0x0000000082000000, 0x0000000082100000, 0x0000000082100000|100%|HS|  |TAMS 0x0000000082000000, 0x0000000082000000| Complete 
|  33|0x0000000082100000, 0x0000000082100000, 0x0000000082200000|  0%| F|  |TAMS 0x0000000082100000, 0x0000000082100000| Untracked 
|  34|0x0000000082200000, 0x0000000082200000, 0x0000000082300000|  0%| F|  |TAMS 0x0000000082200000, 0x0000000082200000| Untracked 
|  35|0x0000000082300000, 0x0000000082300000, 0x0000000082400000|  0%| F|  |TAMS 0x0000000082300000, 0x0000000082300000| Untracked 
|  36|0x0000000082400000, 0x0000000082400000, 0x0000000082500000|  0%| F|  |TAMS 0x0000000082400000, 0x0000000082400000| Untracked 
|  37|0x0000000082500000, 0x0000000082500000, 0x0000000082600000|  0%| F|  |TAMS 0x0000000082500000, 0x0000000082500000| Untracked 
|  38|0x0000000082600000, 0x0000000082600000, 0x0000000082700000|  0%| F|  |TAMS 0x0000000082600000, 0x0000000082600000| Untracked 
|  39|0x0000000082700000, 0x0000000082700000, 0x0000000082800000|  0%| F|  |TAMS 0x0000000082700000, 0x0000000082700000| Untracked 
|  40|0x0000000082800000, 0x0000000082800000, 0x0000000082900000|  0%| F|  |TAMS 0x0000000082800000, 0x0000000082800000| Untracked 
|  41|0x0000000082900000, 0x0000000082900000, 0x0000000082a00000|  0%| F|  |TAMS 0x0000000082900000, 0x0000000082900000| Untracked 
|  42|0x0000000082a00000, 0x0000000082a00000, 0x0000000082b00000|  0%| F|  |TAMS 0x0000000082a00000, 0x0000000082a00000| Untracked 
|  43|0x0000000082b00000, 0x0000000082b00000, 0x0000000082c00000|  0%| F|  |TAMS 0x0000000082b00000, 0x0000000082b00000| Untracked 
|  44|0x0000000082c00000, 0x0000000082c00000, 0x0000000082d00000|  0%| F|  |TAMS 0x0000000082c00000, 0x0000000082c00000| Untracked 
|  45|0x0000000082d00000, 0x0000000082d00000, 0x0000000082e00000|  0%| F|  |TAMS 0x0000000082d00000, 0x0000000082d00000| Untracked 
|  46|0x0000000082e00000, 0x0000000082e00000, 0x0000000082f00000|  0%| F|  |TAMS 0x0000000082e00000, 0x0000000082e00000| Untracked 
|  47|0x0000000082f00000, 0x0000000082f00000, 0x0000000083000000|  0%| F|  |TAMS 0x0000000082f00000, 0x0000000082f00000| Untracked 
|  48|0x0000000083000000, 0x0000000083000000, 0x0000000083100000|  0%| F|  |TAMS 0x0000000083000000, 0x0000000083000000| Untracked 
|  49|0x0000000083100000, 0x0000000083100000, 0x0000000083200000|  0%| F|  |TAMS 0x0000000083100000, 0x0000000083100000| Untracked 
|  50|0x0000000083200000, 0x0000000083200000, 0x0000000083300000|  0%| F|  |TAMS 0x0000000083200000, 0x0000000083200000| Untracked 
|  51|0x0000000083300000, 0x0000000083300000, 0x0000000083400000|  0%| F|  |TAMS 0x0000000083300000, 0x0000000083300000| Untracked 
|  52|0x0000000083400000, 0x0000000083400000, 0x0000000083500000|  0%| F|  |TAMS 0x0000000083400000, 0x0000000083400000| Untracked 
|  53|0x0000000083500000, 0x0000000083500000, 0x0000000083600000|  0%| F|  |TAMS 0x0000000083500000, 0x0000000083500000| Untracked 
|  54|0x0000000083600000, 0x0000000083600000, 0x0000000083700000|  0%| F|  |TAMS 0x0000000083600000, 0x0000000083600000| Untracked 
|  55|0x0000000083700000, 0x0000000083700000, 0x0000000083800000|  0%| F|  |TAMS 0x0000000083700000, 0x0000000083700000| Untracked 
|  56|0x0000000083800000, 0x0000000083800000, 0x0000000083900000|  0%| F|  |TAMS 0x0000000083800000, 0x0000000083800000| Untracked 
|  57|0x0000000083900000, 0x0000000083900000, 0x0000000083a00000|  0%| F|  |TAMS 0x0000000083900000, 0x0000000083900000| Untracked 
|  58|0x0000000083a00000, 0x0000000083a00000, 0x0000000083b00000|  0%| F|  |TAMS 0x0000000083a00000, 0x0000000083a00000| Untracked 
|  59|0x0000000083b00000, 0x0000000083b00000, 0x0000000083c00000|  0%| F|  |TAMS 0x0000000083b00000, 0x0000000083b00000| Untracked 
|  60|0x0000000083c00000, 0x0000000083c00000, 0x0000000083d00000|  0%| F|  |TAMS 0x0000000083c00000, 0x0000000083c00000| Untracked 
|  61|0x0000000083d00000, 0x0000000083d00000, 0x0000000083e00000|  0%| F|  |TAMS 0x0000000083d00000, 0x0000000083d00000| Untracked 
|  62|0x0000000083e00000, 0x0000000083e00000, 0x0000000083f00000|  0%| F|  |TAMS 0x0000000083e00000, 0x0000000083e00000| Untracked 
|  63|0x0000000083f00000, 0x0000000083f00000, 0x0000000084000000|  0%| F|  |TAMS 0x0000000083f00000, 0x0000000083f00000| Untracked 
|  64|0x0000000084000000, 0x0000000084000000, 0x0000000084100000|  0%| F|  |TAMS 0x0000000084000000, 0x0000000084000000| Untracked 
|  65|0x0000000084100000, 0x0000000084100000, 0x0000000084200000|  0%| F|  |TAMS 0x0000000084100000, 0x0000000084100000| Untracked 
|  66|0x0000000084200000, 0x0000000084200000, 0x0000000084300000|  0%| F|  |TAMS 0x0000000084200000, 0x0000000084200000| Untracked 
|  67|0x0000000084300000, 0x0000000084300000, 0x0000000084400000|  0%| F|  |TAMS 0x0000000084300000, 0x0000000084300000| Untracked 
|  68|0x0000000084400000, 0x0000000084400000, 0x0000000084500000|  0%| F|  |TAMS 0x0000000084400000, 0x0000000084400000| Untracked 
|  69|0x0000000084500000, 0x0000000084500000, 0x0000000084600000|  0%| F|  |TAMS 0x0000000084500000, 0x0000000084500000| Untracked 
|  70|0x0000000084600000, 0x0000000084600000, 0x0000000084700000|  0%| F|  |TAMS 0x0000000084600000, 0x0000000084600000| Untracked 
|  71|0x0000000084700000, 0x0000000084700000, 0x0000000084800000|  0%| F|  |TAMS 0x0000000084700000, 0x0000000084700000| Untracked 
|  72|0x0000000084800000, 0x0000000084800000, 0x0000000084900000|  0%| F|  |TAMS 0x0000000084800000, 0x0000000084800000| Untracked 
|  73|0x0000000084900000, 0x0000000084900000, 0x0000000084a00000|  0%| F|  |TAMS 0x0000000084900000, 0x0000000084900000| Untracked 
|  74|0x0000000084a00000, 0x0000000084a00000, 0x0000000084b00000|  0%| F|  |TAMS 0x0000000084a00000, 0x0000000084a00000| Untracked 
|  75|0x0000000084b00000, 0x0000000084b00000, 0x0000000084c00000|  0%| F|  |TAMS 0x0000000084b00000, 0x0000000084b00000| Untracked 
|  76|0x0000000084c00000, 0x0000000084c00000, 0x0000000084d00000|  0%| F|  |TAMS 0x0000000084c00000, 0x0000000084c00000| Untracked 
|  77|0x0000000084d00000, 0x0000000084d00000, 0x0000000084e00000|  0%| F|  |TAMS 0x0000000084d00000, 0x0000000084d00000| Untracked 
|  78|0x0000000084e00000, 0x0000000084e00000, 0x0000000084f00000|  0%| F|  |TAMS 0x0000000084e00000, 0x0000000084e00000| Untracked 
|  79|0x0000000084f00000, 0x0000000084f00000, 0x0000000085000000|  0%| F|  |TAMS 0x0000000084f00000, 0x0000000084f00000| Untracked 
|  80|0x0000000085000000, 0x0000000085000000, 0x0000000085100000|  0%| F|  |TAMS 0x0000000085000000, 0x0000000085000000| Untracked 
|  81|0x0000000085100000, 0x0000000085100000, 0x0000000085200000|  0%| F|  |TAMS 0x0000000085100000, 0x0000000085100000| Untracked 
|  82|0x0000000085200000, 0x0000000085200000, 0x0000000085300000|  0%| F|  |TAMS 0x0000000085200000, 0x0000000085200000| Untracked 
|  83|0x0000000085300000, 0x0000000085300000, 0x0000000085400000|  0%| F|  |TAMS 0x0000000085300000, 0x0000000085300000| Untracked 
|  84|0x0000000085400000, 0x0000000085400000, 0x0000000085500000|  0%| F|  |TAMS 0x0000000085400000, 0x0000000085400000| Untracked 
|  85|0x0000000085500000, 0x0000000085500000, 0x0000000085600000|  0%| F|  |TAMS 0x0000000085500000, 0x0000000085500000| Untracked 
|  86|0x0000000085600000, 0x0000000085600000, 0x0000000085700000|  0%| F|  |TAMS 0x0000000085600000, 0x0000000085600000| Untracked 
|  87|0x0000000085700000, 0x0000000085700000, 0x0000000085800000|  0%| F|  |TAMS 0x0000000085700000, 0x0000000085700000| Untracked 
|  88|0x0000000085800000, 0x0000000085800000, 0x0000000085900000|  0%| F|  |TAMS 0x0000000085800000, 0x0000000085800000| Untracked 
|  89|0x0000000085900000, 0x0000000085900000, 0x0000000085a00000|  0%| F|  |TAMS 0x0000000085900000, 0x0000000085900000| Untracked 
|  90|0x0000000085a00000, 0x0000000085a00000, 0x0000000085b00000|  0%| F|  |TAMS 0x0000000085a00000, 0x0000000085a00000| Untracked 
|  91|0x0000000085b00000, 0x0000000085b00000, 0x0000000085c00000|  0%| F|  |TAMS 0x0000000085b00000, 0x0000000085b00000| Untracked 
|  92|0x0000000085c00000, 0x0000000085c00000, 0x0000000085d00000|  0%| F|  |TAMS 0x0000000085c00000, 0x0000000085c00000| Untracked 
|  93|0x0000000085d00000, 0x0000000085d00000, 0x0000000085e00000|  0%| F|  |TAMS 0x0000000085d00000, 0x0000000085d00000| Untracked 
|  94|0x0000000085e00000, 0x0000000085e00000, 0x0000000085f00000|  0%| F|  |TAMS 0x0000000085e00000, 0x0000000085e00000| Untracked 
|  95|0x0000000085f00000, 0x0000000085f00000, 0x0000000086000000|  0%| F|  |TAMS 0x0000000085f00000, 0x0000000085f00000| Untracked 
|  96|0x0000000086000000, 0x0000000086000000, 0x0000000086100000|  0%| F|  |TAMS 0x0000000086000000, 0x0000000086000000| Untracked 
|  97|0x0000000086100000, 0x0000000086100000, 0x0000000086200000|  0%| F|  |TAMS 0x0000000086100000, 0x0000000086100000| Untracked 
|  98|0x0000000086200000, 0x0000000086200000, 0x0000000086300000|  0%| F|  |TAMS 0x0000000086200000, 0x0000000086200000| Untracked 
|  99|0x0000000086300000, 0x0000000086300000, 0x0000000086400000|  0%| F|  |TAMS 0x0000000086300000, 0x0000000086300000| Untracked 
| 100|0x0000000086400000, 0x0000000086400000, 0x0000000086500000|  0%| F|  |TAMS 0x0000000086400000, 0x0000000086400000| Untracked 
| 101|0x0000000086500000, 0x0000000086500000, 0x0000000086600000|  0%| F|  |TAMS 0x0000000086500000, 0x0000000086500000| Untracked 
| 102|0x0000000086600000, 0x0000000086600000, 0x0000000086700000|  0%| F|  |TAMS 0x0000000086600000, 0x0000000086600000| Untracked 
| 103|0x0000000086700000, 0x0000000086700000, 0x0000000086800000|  0%| F|  |TAMS 0x0000000086700000, 0x0000000086700000| Untracked 
| 104|0x0000000086800000, 0x0000000086800000, 0x0000000086900000|  0%| F|  |TAMS 0x0000000086800000, 0x0000000086800000| Untracked 
| 105|0x0000000086900000, 0x0000000086a00000, 0x0000000086a00000|100%| S|CS|TAMS 0x0000000086900000, 0x0000000086900000| Complete 
| 106|0x0000000086a00000, 0x0000000086b00000, 0x0000000086b00000|100%| S|CS|TAMS 0x0000000086a00000, 0x0000000086a00000| Complete 
| 107|0x0000000086b00000, 0x0000000086c00000, 0x0000000086c00000|100%| S|CS|TAMS 0x0000000086b00000, 0x0000000086b00000| Complete 
| 108|0x0000000086c00000, 0x0000000086d00000, 0x0000000086d00000|100%| S|CS|TAMS 0x0000000086c00000, 0x0000000086c00000| Complete 
| 109|0x0000000086d00000, 0x0000000086e00000, 0x0000000086e00000|100%| S|CS|TAMS 0x0000000086d00000, 0x0000000086d00000| Complete 
| 110|0x0000000086e00000, 0x0000000086f00000, 0x0000000086f00000|100%| S|CS|TAMS 0x0000000086e00000, 0x0000000086e00000| Complete 
| 111|0x0000000086f00000, 0x0000000087000000, 0x0000000087000000|100%| S|CS|TAMS 0x0000000086f00000, 0x0000000086f00000| Complete 
| 112|0x0000000087000000, 0x0000000087100000, 0x0000000087100000|100%| S|CS|TAMS 0x0000000087000000, 0x0000000087000000| Complete 
| 113|0x0000000087100000, 0x0000000087200000, 0x0000000087200000|100%| S|CS|TAMS 0x0000000087100000, 0x0000000087100000| Complete 
| 114|0x0000000087200000, 0x0000000087300000, 0x0000000087300000|100%| S|CS|TAMS 0x0000000087200000, 0x0000000087200000| Complete 
| 115|0x0000000087300000, 0x0000000087400000, 0x0000000087400000|100%| S|CS|TAMS 0x0000000087300000, 0x0000000087300000| Complete 
| 116|0x0000000087400000, 0x0000000087500000, 0x0000000087500000|100%| S|CS|TAMS 0x0000000087400000, 0x0000000087400000| Complete 
| 117|0x0000000087500000, 0x0000000087600000, 0x0000000087600000|100%| S|CS|TAMS 0x0000000087500000, 0x0000000087500000| Complete 
| 118|0x0000000087600000, 0x0000000087700000, 0x0000000087700000|100%| S|CS|TAMS 0x0000000087600000, 0x0000000087600000| Complete 
| 119|0x0000000087700000, 0x0000000087800000, 0x0000000087800000|100%| S|CS|TAMS 0x0000000087700000, 0x0000000087700000| Complete 
| 120|0x0000000087800000, 0x0000000087900000, 0x0000000087900000|100%| S|CS|TAMS 0x0000000087800000, 0x0000000087800000| Complete 
| 121|0x0000000087900000, 0x0000000087a00000, 0x0000000087a00000|100%| S|CS|TAMS 0x0000000087900000, 0x0000000087900000| Complete 
| 122|0x0000000087a00000, 0x0000000087b00000, 0x0000000087b00000|100%| S|CS|TAMS 0x0000000087a00000, 0x0000000087a00000| Complete 
| 123|0x0000000087b00000, 0x0000000087c00000, 0x0000000087c00000|100%| S|CS|TAMS 0x0000000087b00000, 0x0000000087b00000| Complete 
| 124|0x0000000087c00000, 0x0000000087d00000, 0x0000000087d00000|100%| S|CS|TAMS 0x0000000087c00000, 0x0000000087c00000| Complete 
| 125|0x0000000087d00000, 0x0000000087d00000, 0x0000000087e00000|  0%| F|  |TAMS 0x0000000087d00000, 0x0000000087d00000| Untracked 
| 126|0x0000000087e00000, 0x0000000087e00000, 0x0000000087f00000|  0%| F|  |TAMS 0x0000000087e00000, 0x0000000087e00000| Untracked 
| 127|0x0000000087f00000, 0x0000000087f00000, 0x0000000088000000|  0%| F|  |TAMS 0x0000000087f00000, 0x0000000087f00000| Untracked 
| 128|0x0000000088000000, 0x0000000088000000, 0x0000000088100000|  0%| F|  |TAMS 0x0000000088000000, 0x0000000088000000| Untracked 
| 129|0x0000000088100000, 0x0000000088100000, 0x0000000088200000|  0%| F|  |TAMS 0x0000000088100000, 0x0000000088100000| Untracked 
| 130|0x0000000088200000, 0x0000000088200000, 0x0000000088300000|  0%| F|  |TAMS 0x0000000088200000, 0x0000000088200000| Untracked 
| 131|0x0000000088300000, 0x0000000088300000, 0x0000000088400000|  0%| F|  |TAMS 0x0000000088300000, 0x0000000088300000| Untracked 
| 132|0x0000000088400000, 0x0000000088400000, 0x0000000088500000|  0%| F|  |TAMS 0x0000000088400000, 0x0000000088400000| Untracked 
| 133|0x0000000088500000, 0x0000000088500000, 0x0000000088600000|  0%| F|  |TAMS 0x0000000088500000, 0x0000000088500000| Untracked 
| 134|0x0000000088600000, 0x0000000088600000, 0x0000000088700000|  0%| F|  |TAMS 0x0000000088600000, 0x0000000088600000| Untracked 
| 135|0x0000000088700000, 0x0000000088700000, 0x0000000088800000|  0%| F|  |TAMS 0x0000000088700000, 0x0000000088700000| Untracked 
| 136|0x0000000088800000, 0x0000000088800000, 0x0000000088900000|  0%| F|  |TAMS 0x0000000088800000, 0x0000000088800000| Untracked 
| 137|0x0000000088900000, 0x0000000088900000, 0x0000000088a00000|  0%| F|  |TAMS 0x0000000088900000, 0x0000000088900000| Untracked 
| 138|0x0000000088a00000, 0x0000000088a00000, 0x0000000088b00000|  0%| F|  |TAMS 0x0000000088a00000, 0x0000000088a00000| Untracked 
| 139|0x0000000088b00000, 0x0000000088c00000, 0x0000000088c00000|100%| E|  |TAMS 0x0000000088b00000, 0x0000000088b00000| Complete 
| 140|0x0000000088c00000, 0x0000000088d00000, 0x0000000088d00000|100%| E|CS|TAMS 0x0000000088c00000, 0x0000000088c00000| Complete 
| 141|0x0000000088d00000, 0x0000000088e00000, 0x0000000088e00000|100%| E|CS|TAMS 0x0000000088d00000, 0x0000000088d00000| Complete 
| 142|0x0000000088e00000, 0x0000000088f00000, 0x0000000088f00000|100%| E|CS|TAMS 0x0000000088e00000, 0x0000000088e00000| Complete 
| 143|0x0000000088f00000, 0x0000000089000000, 0x0000000089000000|100%| E|CS|TAMS 0x0000000088f00000, 0x0000000088f00000| Complete 
| 144|0x0000000089000000, 0x0000000089100000, 0x0000000089100000|100%| E|CS|TAMS 0x0000000089000000, 0x0000000089000000| Complete 
| 145|0x0000000089100000, 0x0000000089200000, 0x0000000089200000|100%| E|CS|TAMS 0x0000000089100000, 0x0000000089100000| Complete 
| 146|0x0000000089200000, 0x0000000089300000, 0x0000000089300000|100%| E|CS|TAMS 0x0000000089200000, 0x0000000089200000| Complete 
| 147|0x0000000089300000, 0x0000000089400000, 0x0000000089400000|100%| E|CS|TAMS 0x0000000089300000, 0x0000000089300000| Complete 
| 148|0x0000000089400000, 0x0000000089500000, 0x0000000089500000|100%| E|CS|TAMS 0x0000000089400000, 0x0000000089400000| Complete 
| 149|0x0000000089500000, 0x0000000089600000, 0x0000000089600000|100%| E|CS|TAMS 0x0000000089500000, 0x0000000089500000| Complete 
| 150|0x0000000089600000, 0x0000000089700000, 0x0000000089700000|100%| E|CS|TAMS 0x0000000089600000, 0x0000000089600000| Complete 
| 151|0x0000000089700000, 0x0000000089800000, 0x0000000089800000|100%| E|CS|TAMS 0x0000000089700000, 0x0000000089700000| Complete 
| 152|0x0000000089800000, 0x0000000089900000, 0x0000000089900000|100%| E|CS|TAMS 0x0000000089800000, 0x0000000089800000| Complete 
| 153|0x0000000089900000, 0x0000000089a00000, 0x0000000089a00000|100%| E|CS|TAMS 0x0000000089900000, 0x0000000089900000| Complete 
| 154|0x0000000089a00000, 0x0000000089b00000, 0x0000000089b00000|100%| E|CS|TAMS 0x0000000089a00000, 0x0000000089a00000| Complete 
| 155|0x0000000089b00000, 0x0000000089c00000, 0x0000000089c00000|100%| E|CS|TAMS 0x0000000089b00000, 0x0000000089b00000| Complete 
| 156|0x0000000089c00000, 0x0000000089d00000, 0x0000000089d00000|100%| E|CS|TAMS 0x0000000089c00000, 0x0000000089c00000| Complete 
| 157|0x0000000089d00000, 0x0000000089e00000, 0x0000000089e00000|100%| E|CS|TAMS 0x0000000089d00000, 0x0000000089d00000| Complete 
| 158|0x0000000089e00000, 0x0000000089f00000, 0x0000000089f00000|100%| E|CS|TAMS 0x0000000089e00000, 0x0000000089e00000| Complete 
| 159|0x0000000089f00000, 0x000000008a000000, 0x000000008a000000|100%| E|CS|TAMS 0x0000000089f00000, 0x0000000089f00000| Complete 
| 160|0x000000008a000000, 0x000000008a100000, 0x000000008a100000|100%| E|CS|TAMS 0x000000008a000000, 0x000000008a000000| Complete 
| 161|0x000000008a100000, 0x000000008a200000, 0x000000008a200000|100%| E|CS|TAMS 0x000000008a100000, 0x000000008a100000| Complete 
| 162|0x000000008a200000, 0x000000008a300000, 0x000000008a300000|100%| E|CS|TAMS 0x000000008a200000, 0x000000008a200000| Complete 
| 163|0x000000008a300000, 0x000000008a400000, 0x000000008a400000|100%| E|CS|TAMS 0x000000008a300000, 0x000000008a300000| Complete 
| 164|0x000000008a400000, 0x000000008a500000, 0x000000008a500000|100%| E|CS|TAMS 0x000000008a400000, 0x000000008a400000| Complete 
| 165|0x000000008a500000, 0x000000008a600000, 0x000000008a600000|100%| E|CS|TAMS 0x000000008a500000, 0x000000008a500000| Complete 
| 166|0x000000008a600000, 0x000000008a700000, 0x000000008a700000|100%| E|CS|TAMS 0x000000008a600000, 0x000000008a600000| Complete 
| 167|0x000000008a700000, 0x000000008a800000, 0x000000008a800000|100%| E|CS|TAMS 0x000000008a700000, 0x000000008a700000| Complete 
| 168|0x000000008a800000, 0x000000008a900000, 0x000000008a900000|100%| E|CS|TAMS 0x000000008a800000, 0x000000008a800000| Complete 
| 169|0x000000008a900000, 0x000000008aa00000, 0x000000008aa00000|100%| E|CS|TAMS 0x000000008a900000, 0x000000008a900000| Complete 
| 170|0x000000008aa00000, 0x000000008ab00000, 0x000000008ab00000|100%| E|CS|TAMS 0x000000008aa00000, 0x000000008aa00000| Complete 
| 171|0x000000008ab00000, 0x000000008ac00000, 0x000000008ac00000|100%| E|CS|TAMS 0x000000008ab00000, 0x000000008ab00000| Complete 
| 172|0x000000008ac00000, 0x000000008ad00000, 0x000000008ad00000|100%| E|CS|TAMS 0x000000008ac00000, 0x000000008ac00000| Complete 
| 173|0x000000008ad00000, 0x000000008ae00000, 0x000000008ae00000|100%| E|CS|TAMS 0x000000008ad00000, 0x000000008ad00000| Complete 
| 174|0x000000008ae00000, 0x000000008af00000, 0x000000008af00000|100%| E|CS|TAMS 0x000000008ae00000, 0x000000008ae00000| Complete 
| 175|0x000000008af00000, 0x000000008b000000, 0x000000008b000000|100%| E|CS|TAMS 0x000000008af00000, 0x000000008af00000| Complete 
| 176|0x000000008b000000, 0x000000008b100000, 0x000000008b100000|100%| E|CS|TAMS 0x000000008b000000, 0x000000008b000000| Complete 
| 177|0x000000008b100000, 0x000000008b200000, 0x000000008b200000|100%| E|CS|TAMS 0x000000008b100000, 0x000000008b100000| Complete 
| 178|0x000000008b200000, 0x000000008b300000, 0x000000008b300000|100%| E|CS|TAMS 0x000000008b200000, 0x000000008b200000| Complete 
| 179|0x000000008b300000, 0x000000008b400000, 0x000000008b400000|100%| E|CS|TAMS 0x000000008b300000, 0x000000008b300000| Complete 
| 180|0x000000008b400000, 0x000000008b500000, 0x000000008b500000|100%| E|CS|TAMS 0x000000008b400000, 0x000000008b400000| Complete 
| 181|0x000000008b500000, 0x000000008b600000, 0x000000008b600000|100%| E|CS|TAMS 0x000000008b500000, 0x000000008b500000| Complete 
| 182|0x000000008b600000, 0x000000008b700000, 0x000000008b700000|100%| E|CS|TAMS 0x000000008b600000, 0x000000008b600000| Complete 
| 183|0x000000008b700000, 0x000000008b800000, 0x000000008b800000|100%| E|CS|TAMS 0x000000008b700000, 0x000000008b700000| Complete 
| 184|0x000000008b800000, 0x000000008b900000, 0x000000008b900000|100%| E|CS|TAMS 0x000000008b800000, 0x000000008b800000| Complete 
| 185|0x000000008b900000, 0x000000008ba00000, 0x000000008ba00000|100%| E|CS|TAMS 0x000000008b900000, 0x000000008b900000| Complete 
| 186|0x000000008ba00000, 0x000000008bb00000, 0x000000008bb00000|100%| E|CS|TAMS 0x000000008ba00000, 0x000000008ba00000| Complete 
| 187|0x000000008bb00000, 0x000000008bc00000, 0x000000008bc00000|100%| E|CS|TAMS 0x000000008bb00000, 0x000000008bb00000| Complete 
| 188|0x000000008bc00000, 0x000000008bd00000, 0x000000008bd00000|100%| E|CS|TAMS 0x000000008bc00000, 0x000000008bc00000| Complete 
| 189|0x000000008bd00000, 0x000000008be00000, 0x000000008be00000|100%| E|CS|TAMS 0x000000008bd00000, 0x000000008bd00000| Complete 
| 190|0x000000008be00000, 0x000000008bf00000, 0x000000008bf00000|100%| E|CS|TAMS 0x000000008be00000, 0x000000008be00000| Complete 
| 191|0x000000008bf00000, 0x000000008c000000, 0x000000008c000000|100%| E|CS|TAMS 0x000000008bf00000, 0x000000008bf00000| Complete 
| 192|0x000000008c000000, 0x000000008c100000, 0x000000008c100000|100%| E|CS|TAMS 0x000000008c000000, 0x000000008c000000| Complete 
| 193|0x000000008c100000, 0x000000008c200000, 0x000000008c200000|100%| E|CS|TAMS 0x000000008c100000, 0x000000008c100000| Complete 
| 194|0x000000008c200000, 0x000000008c300000, 0x000000008c300000|100%| E|CS|TAMS 0x000000008c200000, 0x000000008c200000| Complete 
| 195|0x000000008c300000, 0x000000008c400000, 0x000000008c400000|100%| E|CS|TAMS 0x000000008c300000, 0x000000008c300000| Complete 
| 196|0x000000008c400000, 0x000000008c500000, 0x000000008c500000|100%| E|CS|TAMS 0x000000008c400000, 0x000000008c400000| Complete 
| 197|0x000000008c500000, 0x000000008c600000, 0x000000008c600000|100%| E|CS|TAMS 0x000000008c500000, 0x000000008c500000| Complete 
| 198|0x000000008c600000, 0x000000008c700000, 0x000000008c700000|100%| E|CS|TAMS 0x000000008c600000, 0x000000008c600000| Complete 
| 199|0x000000008c700000, 0x000000008c800000, 0x000000008c800000|100%| E|CS|TAMS 0x000000008c700000, 0x000000008c700000| Complete 
| 200|0x000000008c800000, 0x000000008c900000, 0x000000008c900000|100%| E|CS|TAMS 0x000000008c800000, 0x000000008c800000| Complete 
| 201|0x000000008c900000, 0x000000008ca00000, 0x000000008ca00000|100%| E|CS|TAMS 0x000000008c900000, 0x000000008c900000| Complete 
| 202|0x000000008ca00000, 0x000000008cb00000, 0x000000008cb00000|100%| E|CS|TAMS 0x000000008ca00000, 0x000000008ca00000| Complete 
| 203|0x000000008cb00000, 0x000000008cc00000, 0x000000008cc00000|100%| E|CS|TAMS 0x000000008cb00000, 0x000000008cb00000| Complete 
| 204|0x000000008cc00000, 0x000000008cd00000, 0x000000008cd00000|100%| E|CS|TAMS 0x000000008cc00000, 0x000000008cc00000| Complete 
| 205|0x000000008cd00000, 0x000000008ce00000, 0x000000008ce00000|100%| E|CS|TAMS 0x000000008cd00000, 0x000000008cd00000| Complete 
| 206|0x000000008ce00000, 0x000000008cf00000, 0x000000008cf00000|100%| E|CS|TAMS 0x000000008ce00000, 0x000000008ce00000| Complete 
| 207|0x000000008cf00000, 0x000000008d000000, 0x000000008d000000|100%| E|CS|TAMS 0x000000008cf00000, 0x000000008cf00000| Complete 
| 208|0x000000008d000000, 0x000000008d100000, 0x000000008d100000|100%| E|CS|TAMS 0x000000008d000000, 0x000000008d000000| Complete 
| 209|0x000000008d100000, 0x000000008d200000, 0x000000008d200000|100%| E|CS|TAMS 0x000000008d100000, 0x000000008d100000| Complete 
| 210|0x000000008d200000, 0x000000008d300000, 0x000000008d300000|100%| E|CS|TAMS 0x000000008d200000, 0x000000008d200000| Complete 
| 211|0x000000008d300000, 0x000000008d400000, 0x000000008d400000|100%| E|CS|TAMS 0x000000008d300000, 0x000000008d300000| Complete 
| 212|0x000000008d400000, 0x000000008d500000, 0x000000008d500000|100%| E|CS|TAMS 0x000000008d400000, 0x000000008d400000| Complete 
| 213|0x000000008d500000, 0x000000008d600000, 0x000000008d600000|100%| E|CS|TAMS 0x000000008d500000, 0x000000008d500000| Complete 
| 214|0x000000008d600000, 0x000000008d700000, 0x000000008d700000|100%| E|CS|TAMS 0x000000008d600000, 0x000000008d600000| Complete 
| 215|0x000000008d700000, 0x000000008d800000, 0x000000008d800000|100%| E|CS|TAMS 0x000000008d700000, 0x000000008d700000| Complete 
| 216|0x000000008d800000, 0x000000008d900000, 0x000000008d900000|100%| E|CS|TAMS 0x000000008d800000, 0x000000008d800000| Complete 
| 217|0x000000008d900000, 0x000000008da00000, 0x000000008da00000|100%| E|CS|TAMS 0x000000008d900000, 0x000000008d900000| Complete 
| 218|0x000000008da00000, 0x000000008db00000, 0x000000008db00000|100%| E|CS|TAMS 0x000000008da00000, 0x000000008da00000| Complete 
| 219|0x000000008db00000, 0x000000008dc00000, 0x000000008dc00000|100%| E|CS|TAMS 0x000000008db00000, 0x000000008db00000| Complete 
| 220|0x000000008dc00000, 0x000000008dd00000, 0x000000008dd00000|100%| E|CS|TAMS 0x000000008dc00000, 0x000000008dc00000| Complete 
| 221|0x000000008dd00000, 0x000000008de00000, 0x000000008de00000|100%| E|CS|TAMS 0x000000008dd00000, 0x000000008dd00000| Complete 
| 222|0x000000008de00000, 0x000000008df00000, 0x000000008df00000|100%| E|CS|TAMS 0x000000008de00000, 0x000000008de00000| Complete 
| 223|0x000000008df00000, 0x000000008e000000, 0x000000008e000000|100%| E|CS|TAMS 0x000000008df00000, 0x000000008df00000| Complete 
| 224|0x000000008e000000, 0x000000008e100000, 0x000000008e100000|100%| E|CS|TAMS 0x000000008e000000, 0x000000008e000000| Complete 
| 225|0x000000008e100000, 0x000000008e200000, 0x000000008e200000|100%| E|CS|TAMS 0x000000008e100000, 0x000000008e100000| Complete 
| 226|0x000000008e200000, 0x000000008e300000, 0x000000008e300000|100%| E|CS|TAMS 0x000000008e200000, 0x000000008e200000| Complete 
| 227|0x000000008e300000, 0x000000008e400000, 0x000000008e400000|100%| E|CS|TAMS 0x000000008e300000, 0x000000008e300000| Complete 
| 228|0x000000008e400000, 0x000000008e500000, 0x000000008e500000|100%| E|CS|TAMS 0x000000008e400000, 0x000000008e400000| Complete 
| 229|0x000000008e500000, 0x000000008e600000, 0x000000008e600000|100%| E|CS|TAMS 0x000000008e500000, 0x000000008e500000| Complete 
| 230|0x000000008e600000, 0x000000008e700000, 0x000000008e700000|100%| E|CS|TAMS 0x000000008e600000, 0x000000008e600000| Complete 
| 231|0x000000008e700000, 0x000000008e800000, 0x000000008e800000|100%| E|CS|TAMS 0x000000008e700000, 0x000000008e700000| Complete 
| 232|0x000000008e800000, 0x000000008e900000, 0x000000008e900000|100%| E|CS|TAMS 0x000000008e800000, 0x000000008e800000| Complete 
| 233|0x000000008e900000, 0x000000008ea00000, 0x000000008ea00000|100%| E|CS|TAMS 0x000000008e900000, 0x000000008e900000| Complete 
| 234|0x000000008ea00000, 0x000000008eb00000, 0x000000008eb00000|100%| E|CS|TAMS 0x000000008ea00000, 0x000000008ea00000| Complete 
| 235|0x000000008eb00000, 0x000000008ec00000, 0x000000008ec00000|100%| E|CS|TAMS 0x000000008eb00000, 0x000000008eb00000| Complete 
| 236|0x000000008ec00000, 0x000000008ed00000, 0x000000008ed00000|100%| E|CS|TAMS 0x000000008ec00000, 0x000000008ec00000| Complete 
| 237|0x000000008ed00000, 0x000000008ee00000, 0x000000008ee00000|100%| E|CS|TAMS 0x000000008ed00000, 0x000000008ed00000| Complete 
| 238|0x000000008ee00000, 0x000000008ef00000, 0x000000008ef00000|100%| E|CS|TAMS 0x000000008ee00000, 0x000000008ee00000| Complete 
| 239|0x000000008ef00000, 0x000000008f000000, 0x000000008f000000|100%| E|  |TAMS 0x000000008ef00000, 0x000000008ef00000| Complete 
| 240|0x000000008f000000, 0x000000008f100000, 0x000000008f100000|100%| E|CS|TAMS 0x000000008f000000, 0x000000008f000000| Complete 
| 241|0x000000008f100000, 0x000000008f200000, 0x000000008f200000|100%| E|CS|TAMS 0x000000008f100000, 0x000000008f100000| Complete 
| 242|0x000000008f200000, 0x000000008f300000, 0x000000008f300000|100%| E|CS|TAMS 0x000000008f200000, 0x000000008f200000| Complete 
| 243|0x000000008f300000, 0x000000008f400000, 0x000000008f400000|100%| E|CS|TAMS 0x000000008f300000, 0x000000008f300000| Complete 
| 244|0x000000008f400000, 0x000000008f500000, 0x000000008f500000|100%| E|CS|TAMS 0x000000008f400000, 0x000000008f400000| Complete 
| 245|0x000000008f500000, 0x000000008f600000, 0x000000008f600000|100%| E|CS|TAMS 0x000000008f500000, 0x000000008f500000| Complete 
| 246|0x000000008f600000, 0x000000008f700000, 0x000000008f700000|100%| E|CS|TAMS 0x000000008f600000, 0x000000008f600000| Complete 
| 247|0x000000008f700000, 0x000000008f800000, 0x000000008f800000|100%| E|CS|TAMS 0x000000008f700000, 0x000000008f700000| Complete 
| 248|0x000000008f800000, 0x000000008f900000, 0x000000008f900000|100%| E|CS|TAMS 0x000000008f800000, 0x000000008f800000| Complete 
| 249|0x000000008f900000, 0x000000008fa00000, 0x000000008fa00000|100%| E|CS|TAMS 0x000000008f900000, 0x000000008f900000| Complete 
| 250|0x000000008fa00000, 0x000000008fb00000, 0x000000008fb00000|100%| E|CS|TAMS 0x000000008fa00000, 0x000000008fa00000| Complete 
| 251|0x000000008fb00000, 0x000000008fc00000, 0x000000008fc00000|100%| E|CS|TAMS 0x000000008fb00000, 0x000000008fb00000| Complete 
| 252|0x000000008fc00000, 0x000000008fd00000, 0x000000008fd00000|100%| E|CS|TAMS 0x000000008fc00000, 0x000000008fc00000| Complete 
| 253|0x000000008fd00000, 0x000000008fe00000, 0x000000008fe00000|100%| E|CS|TAMS 0x000000008fd00000, 0x000000008fd00000| Complete 
| 254|0x000000008fe00000, 0x000000008ff00000, 0x000000008ff00000|100%| E|CS|TAMS 0x000000008fe00000, 0x000000008fe00000| Complete 
| 255|0x000000008ff00000, 0x0000000090000000, 0x0000000090000000|100%| E|CS|TAMS 0x000000008ff00000, 0x000000008ff00000| Complete 

Card table byte_map: [0x000001e49e000000,0x000001e49e400000] _byte_map_base: 0x000001e49dc00000

Marking Bits (Prev, Next): (CMBitMap*) 0x000001e48b1329d0, (CMBitMap*) 0x000001e48b132998
 Prev Bits: [0x000001e4a0800000, 0x000001e4a2800000)
 Next Bits: [0x000001e49e800000, 0x000001e4a0800000)

Polling page: 0x000001e488f80000

Metaspace:

Usage:
  Non-class:     59.31 MB capacity,    58.30 MB ( 98%) used,   859.96 KB (  1%) free+waste,   176.38 KB ( <1%) overhead. 
      Class:      8.97 MB capacity,     8.37 MB ( 93%) used,   531.38 KB (  6%) free+waste,    81.63 KB ( <1%) overhead. 
       Both:     68.28 MB capacity,    66.67 MB ( 98%) used,     1.36 MB (  2%) free+waste,   258.00 KB ( <1%) overhead. 

Virtual space:
  Non-class space:       60.00 MB reserved,      59.33 MB ( 99%) committed 
      Class space:        1.00 GB reserved,       9.00 MB ( <1%) committed 
             Both:        1.06 GB reserved,      68.33 MB (  6%) committed 

Chunk freelists:
   Non-Class:  18.00 KB
       Class:  0 bytes
        Both:  18.00 KB

MaxMetaspaceSize: 17179869184.00 GB
CompressedClassSpaceSize: 1.00 GB
Initial GC threshold: 20.80 MB
Current GC threshold: 98.67 MB
CDS: off

CodeHeap 'non-profiled nmethods': size=120064Kb used=4115Kb max_used=4115Kb free=115948Kb
 bounds [0x000001e4966c0000, 0x000001e496ad0000, 0x000001e49dc00000]
CodeHeap 'profiled nmethods': size=120000Kb used=15254Kb max_used=15254Kb free=104745Kb
 bounds [0x000001e48f190000, 0x000001e490080000, 0x000001e4966c0000]
CodeHeap 'non-nmethods': size=5696Kb used=2344Kb max_used=2371Kb free=3351Kb
 bounds [0x000001e48ec00000, 0x000001e48ee70000, 0x000001e48f190000]
 total_blobs=7967 nmethods=7110 adapters=769
 compilation: enabled
              stopped_count=0, restarted_count=0
 full_count=0

Compilation events (20 events):
Event: 27.863 Thread 0x000001e4a55d2800 7127       3       groovy.lang.MetaClassImpl$MethodIndexAction::iterate (119 bytes)
Event: 27.864 Thread 0x000001e4a55d2800 nmethod 7127 0x000001e490068710 code [0x000001e490068940, 0x000001e4900693b8]
Event: 28.716 Thread 0x000001e4a55d2800 7128       3       java.util.stream.FindOps$FindSink$OfRef::<init> (5 bytes)
Event: 28.716 Thread 0x000001e4a55d2800 nmethod 7128 0x000001e490069710 code [0x000001e4900698c0, 0x000001e490069a78]
Event: 28.716 Thread 0x000001e4a55d2800 7129       3       java.util.stream.FindOps$FindSink::<init> (5 bytes)
Event: 28.716 Thread 0x000001e4a55d2800 nmethod 7129 0x000001e490069b90 code [0x000001e490069d40, 0x000001e490069e98]
Event: 28.716 Thread 0x000001e4a55d2800 7130       3       java.util.stream.FindOps$FindSink$OfRef::get (5 bytes)
Event: 28.717 Thread 0x000001e4a55d2800 nmethod 7130 0x000001e490069f90 code [0x000001e49006a180, 0x000001e49006a668]
Event: 28.717 Thread 0x000001e4a55d2800 7131       3       java.util.stream.FindOps$FindSink$OfRef::get (19 bytes)
Event: 28.717 Thread 0x000001e4a55d2800 nmethod 7131 0x000001e49006a810 code [0x000001e49006aa00, 0x000001e49006ae88]
Event: 28.877 Thread 0x000001e4a55d2800 7133       3       groovyjarjarasm.asm.Label::resolve (219 bytes)
Event: 28.877 Thread 0x000001e4a55d2800 nmethod 7133 0x000001e49006b010 code [0x000001e49006b200, 0x000001e49006b6f8]
Event: 28.878 Thread 0x000001e4a55d2800 7132       3       groovyjarjarasm.asm.Label::<init> (5 bytes)
Event: 28.878 Thread 0x000001e4a55d2800 nmethod 7132 0x000001e49006ba10 code [0x000001e49006bbc0, 0x000001e49006bd18]
Event: 28.878 Thread 0x000001e4a55d2800 7134       3       groovyjarjarasm.asm.Label::getCanonicalInstance (19 bytes)
Event: 28.878 Thread 0x000001e4a55d2800 nmethod 7134 0x000001e49006be10 code [0x000001e49006bfc0, 0x000001e49006c118]
Event: 28.886 Thread 0x000001e4a55d2800 7135       3       java.util.LinkedList::linkFirst (59 bytes)
Event: 28.887 Thread 0x000001e4a55d2800 nmethod 7135 0x000001e49006c210 code [0x000001e49006c3e0, 0x000001e49006c838]
Event: 28.889 Thread 0x000001e4a55d2800 7136       3       java.security.ProtectionDomain$Key::<init> (10 bytes)
Event: 28.890 Thread 0x000001e4a55d2800 nmethod 7136 0x000001e49006c990 code [0x000001e49006cb40, 0x000001e49006ccf8]

GC Heap History (18 events):
Event: 1.325 GC heap before
{Heap before GC invocations=0 (full 0):
 garbage-first heap   total 262144K, used 20480K [0x0000000080000000, 0x0000000100000000)
  region size 1024K, 14 young (14336K), 0 survivors (0K)
 Metaspace       used 6766K, capacity 7001K, committed 7168K, reserved 1056768K
  class space    used 575K, capacity 650K, committed 768K, reserved 1048576K
}
Event: 1.331 GC heap after
{Heap after GC invocations=1 (full 0):
 garbage-first heap   total 262144K, used 7677K [0x0000000080000000, 0x0000000100000000)
  region size 1024K, 2 young (2048K), 2 survivors (2048K)
 Metaspace       used 6766K, capacity 7001K, committed 7168K, reserved 1056768K
  class space    used 575K, capacity 650K, committed 768K, reserved 1048576K
}
Event: 2.136 GC heap before
{Heap before GC invocations=1 (full 0):
 garbage-first heap   total 262144K, used 18941K [0x0000000080000000, 0x0000000100000000)
  region size 1024K, 13 young (13312K), 2 survivors (2048K)
 Metaspace       used 10281K, capacity 10565K, committed 10624K, reserved 1058816K
  class space    used 1054K, capacity 1139K, committed 1152K, reserved 1048576K
}
Event: 2.140 GC heap after
{Heap after GC invocations=2 (full 0):
 garbage-first heap   total 262144K, used 9417K [0x0000000080000000, 0x0000000100000000)
  region size 1024K, 2 young (2048K), 2 survivors (2048K)
 Metaspace       used 10281K, capacity 10565K, committed 10624K, reserved 1058816K
  class space    used 1054K, capacity 1139K, committed 1152K, reserved 1048576K
}
Event: 2.948 GC heap before
{Heap before GC invocations=2 (full 0):
 garbage-first heap   total 262144K, used 40137K [0x0000000080000000, 0x0000000100000000)
  region size 1024K, 31 young (31744K), 2 survivors (2048K)
 Metaspace       used 11248K, capacity 11520K, committed 11776K, reserved 1060864K
  class space    used 1155K, capacity 1244K, committed 1280K, reserved 1048576K
}
Event: 2.953 GC heap after
{Heap after GC invocations=3 (full 0):
 garbage-first heap   total 262144K, used 12366K [0x0000000080000000, 0x0000000100000000)
  region size 1024K, 4 young (4096K), 4 survivors (4096K)
 Metaspace       used 11248K, capacity 11520K, committed 11776K, reserved 1060864K
  class space    used 1155K, capacity 1244K, committed 1280K, reserved 1048576K
}
Event: 5.304 GC heap before
{Heap before GC invocations=3 (full 0):
 garbage-first heap   total 262144K, used 55374K [0x0000000080000000, 0x0000000100000000)
  region size 1024K, 46 young (47104K), 4 survivors (4096K)
 Metaspace       used 17645K, capacity 18113K, committed 18432K, reserved 1064960K
  class space    used 2053K, capacity 2211K, committed 2304K, reserved 1048576K
}
Event: 5.312 GC heap after
{Heap after GC invocations=4 (full 0):
 garbage-first heap   total 262144K, used 16025K [0x0000000080000000, 0x0000000100000000)
  region size 1024K, 6 young (6144K), 6 survivors (6144K)
 Metaspace       used 17645K, capacity 18113K, committed 18432K, reserved 1064960K
  class space    used 2053K, capacity 2211K, committed 2304K, reserved 1048576K
}
Event: 5.987 GC heap before
{Heap before GC invocations=4 (full 0):
 garbage-first heap   total 262144K, used 44697K [0x0000000080000000, 0x0000000100000000)
  region size 1024K, 35 young (35840K), 6 survivors (6144K)
 Metaspace       used 20702K, capacity 21149K, committed 21296K, reserved 1069056K
  class space    used 2508K, capacity 2648K, committed 2688K, reserved 1048576K
}
Event: 5.997 GC heap after
{Heap after GC invocations=5 (full 0):
 garbage-first heap   total 262144K, used 17275K [0x0000000080000000, 0x0000000100000000)
  region size 1024K, 2 young (2048K), 2 survivors (2048K)
 Metaspace       used 20702K, capacity 21149K, committed 21296K, reserved 1069056K
  class space    used 2508K, capacity 2648K, committed 2688K, reserved 1048576K
}
Event: 7.440 GC heap before
{Heap before GC invocations=6 (full 0):
 garbage-first heap   total 262144K, used 76667K [0x0000000080000000, 0x0000000100000000)
  region size 1024K, 60 young (61440K), 2 survivors (2048K)
 Metaspace       used 26923K, capacity 27542K, committed 27696K, reserved 1073152K
  class space    used 3471K, capacity 3704K, committed 3712K, reserved 1048576K
}
Event: 7.450 GC heap after
{Heap after GC invocations=7 (full 0):
 garbage-first heap   total 262144K, used 19254K [0x0000000080000000, 0x0000000100000000)
  region size 1024K, 4 young (4096K), 4 survivors (4096K)
 Metaspace       used 26923K, capacity 27542K, committed 27696K, reserved 1073152K
  class space    used 3471K, capacity 3704K, committed 3712K, reserved 1048576K
}
Event: 9.047 GC heap before
{Heap before GC invocations=7 (full 0):
 garbage-first heap   total 262144K, used 73526K [0x0000000080000000, 0x0000000100000000)
  region size 1024K, 58 young (59392K), 4 survivors (4096K)
 Metaspace       used 35013K, capacity 35800K, committed 35920K, reserved 1081344K
  class space    used 4475K, capacity 4779K, committed 4864K, reserved 1048576K
}
Event: 9.062 GC heap after
{Heap after GC invocations=8 (full 0):
 garbage-first heap   total 262144K, used 22499K [0x0000000080000000, 0x0000000100000000)
  region size 1024K, 7 young (7168K), 7 survivors (7168K)
 Metaspace       used 35013K, capacity 35800K, committed 35920K, reserved 1081344K
  class space    used 4475K, capacity 4779K, committed 4864K, reserved 1048576K
}
Event: 12.561 GC heap before
{Heap before GC invocations=9 (full 0):
 garbage-first heap   total 262144K, used 175075K [0x0000000080000000, 0x0000000100000000)
  region size 1024K, 153 young (156672K), 7 survivors (7168K)
 Metaspace       used 47319K, capacity 48511K, committed 48848K, reserved 1091584K
  class space    used 6014K, capacity 6426K, committed 6528K, reserved 1048576K
}
Event: 12.587 GC heap after
{Heap after GC invocations=10 (full 0):
 garbage-first heap   total 262144K, used 30900K [0x0000000080000000, 0x0000000100000000)
  region size 1024K, 15 young (15360K), 15 survivors (15360K)
 Metaspace       used 47319K, capacity 48511K, committed 48848K, reserved 1091584K
  class space    used 6014K, capacity 6426K, committed 6528K, reserved 1048576K
}
Event: 18.673 GC heap before
{Heap before GC invocations=10 (full 0):
 garbage-first heap   total 262144K, used 171188K [0x0000000080000000, 0x0000000100000000)
  region size 1024K, 146 young (149504K), 15 survivors (15360K)
 Metaspace       used 58799K, capacity 60166K, committed 60240K, reserved 1101824K
  class space    used 7376K, capacity 7916K, committed 7936K, reserved 1048576K
}
Event: 18.725 GC heap after
{Heap after GC invocations=11 (full 0):
 garbage-first heap   total 262144K, used 52685K [0x0000000080000000, 0x0000000100000000)
  region size 1024K, 20 young (20480K), 20 survivors (20480K)
 Metaspace       used 58799K, capacity 60166K, committed 60240K, reserved 1101824K
  class space    used 7376K, capacity 7916K, committed 7936K, reserved 1048576K
}

Deoptimization events (20 events):
Event: 26.342 Thread 0x000001e4a76cf000 Uncommon trap: trap_request=0xffffffdc fr.pc=0x000001e496ab6f60 relative=0x00000000000002a0
Event: 26.342 Thread 0x000001e4a76cf000 Uncommon trap: reason=class_check action=make_not_entrant pc=0x000001e496ab6f60 method=java.util.ArrayList.toArray([Ljava/lang/Object;)[Ljava/lang/Object; @ 21 c2
Event: 26.342 Thread 0x000001e4a76cf000 DEOPT PACKING pc=0x000001e496ab6f60 sp=0x00000091a5cf84e0
Event: 26.342 Thread 0x000001e4a76cf000 DEOPT UNPACKING pc=0x000001e48ec4a1af sp=0x00000091a5cf84a0 mode 2
Event: 26.367 Thread 0x000001e4a76cf000 Uncommon trap: trap_request=0xffffff4d fr.pc=0x000001e496aa785c relative=0x0000000000002a9c
Event: 26.367 Thread 0x000001e4a76cf000 Uncommon trap: reason=unstable_if action=reinterpret pc=0x000001e496aa785c method=groovy.lang.MetaClassImpl.checkIfStdMethod(Lgroovy/lang/MetaMethod;)V @ 55 c2
Event: 26.367 Thread 0x000001e4a76cf000 DEOPT PACKING pc=0x000001e496aa785c sp=0x00000091a5cf8d70
Event: 26.367 Thread 0x000001e4a76cf000 DEOPT UNPACKING pc=0x000001e48ec4a1af sp=0x00000091a5cf8d40 mode 2
Event: 26.453 Thread 0x000001e4a76cf000 Uncommon trap: trap_request=0xffffff4d fr.pc=0x000001e496a40720 relative=0x0000000000001700
Event: 26.453 Thread 0x000001e4a76cf000 Uncommon trap: reason=unstable_if action=reinterpret pc=0x000001e496a40720 method=java.lang.ClassLoader.checkCerts(Ljava/lang/String;Ljava/security/CodeSource;)V @ 29 c2
Event: 26.453 Thread 0x000001e4a76cf000 DEOPT PACKING pc=0x000001e496a40720 sp=0x00000091a5cf7440
Event: 26.453 Thread 0x000001e4a76cf000 DEOPT UNPACKING pc=0x000001e48ec4a1af sp=0x00000091a5cf73a8 mode 2
Event: 26.461 Thread 0x000001e4a76cf000 Uncommon trap: trap_request=0xffffff4d fr.pc=0x000001e4969ae2f0 relative=0x0000000000000bb0
Event: 26.461 Thread 0x000001e4a76cf000 Uncommon trap: reason=unstable_if action=reinterpret pc=0x000001e4969ae2f0 method=java.lang.ClassLoader.loadClass(Ljava/lang/String;Z)Ljava/lang/Class; @ 29 c2
Event: 26.461 Thread 0x000001e4a76cf000 DEOPT PACKING pc=0x000001e4969ae2f0 sp=0x00000091a5cf6e90
Event: 26.461 Thread 0x000001e4a76cf000 DEOPT UNPACKING pc=0x000001e48ec4a1af sp=0x00000091a5cf6e58 mode 2
Event: 26.663 Thread 0x000001e4a76cf000 Uncommon trap: trap_request=0xffffff4d fr.pc=0x000001e496868780 relative=0x0000000000000340
Event: 26.663 Thread 0x000001e4a76cf000 Uncommon trap: reason=unstable_if action=reinterpret pc=0x000001e496868780 method=java.util.StringJoiner.add(Ljava/lang/CharSequence;)Ljava/util/StringJoiner; @ 33 c2
Event: 26.663 Thread 0x000001e4a76cf000 DEOPT PACKING pc=0x000001e496868780 sp=0x00000091a5cf59a0
Event: 26.663 Thread 0x000001e4a76cf000 DEOPT UNPACKING pc=0x000001e48ec4a1af sp=0x00000091a5cf5950 mode 2

Classes redefined (0 events):
No events

Internal exceptions (20 events):
Event: 26.494 Thread 0x000001e4a76cf000 Exception <a 'java/lang/ClassNotFoundException'{0x0000000089814e60}: org/gradle/api/internal/plugins/DefaultPluginCollectionCustomizer> (0x0000000089814e60) thrown at [./src/hotspot/share/classfile/systemDictionary.cpp, line 231]
Event: 26.497 Thread 0x000001e4a76cf000 Exception <a 'java/lang/ClassNotFoundException'{0x000000008986fac8}: org/gradle/api/internal/plugins/DefaultPluginContainerCustomizer> (0x000000008986fac8) thrown at [./src/hotspot/share/classfile/systemDictionary.cpp, line 231]
Event: 26.655 Thread 0x000001e4a76cf000 Exception <a 'java/lang/ClassNotFoundException'{0x0000000089412c20}: com/android/build/gradle/internal/dsl/BaseAppModuleExtension_DecoratedBeanInfo> (0x0000000089412c20) thrown at [./src/hotspot/share/classfile/systemDictionary.cpp, line 231]
Event: 26.657 Thread 0x000001e4a76cf000 Exception <a 'java/lang/ClassNotFoundException'{0x000000008942fff0}: com/android/build/gradle/internal/dsl/BaseAppModuleExtensionBeanInfo> (0x000000008942fff0) thrown at [./src/hotspot/share/classfile/systemDictionary.cpp, line 231]
Event: 26.658 Thread 0x000001e4a76cf000 Exception <a 'java/lang/ClassNotFoundException'{0x0000000089449568}: com/android/build/gradle/AppExtensionBeanInfo> (0x0000000089449568) thrown at [./src/hotspot/share/classfile/systemDictionary.cpp, line 231]
Event: 26.659 Thread 0x000001e4a76cf000 Exception <a 'java/lang/ClassNotFoundException'{0x00000000894645a0}: com/android/build/gradle/AbstractAppExtensionBeanInfo> (0x00000000894645a0) thrown at [./src/hotspot/share/classfile/systemDictionary.cpp, line 231]
Event: 26.660 Thread 0x000001e4a76cf000 Exception <a 'java/lang/ClassNotFoundException'{0x000000008947e2a8}: com/android/build/gradle/TestedExtensionBeanInfo> (0x000000008947e2a8) thrown at [./src/hotspot/share/classfile/systemDictionary.cpp, line 231]
Event: 26.661 Thread 0x000001e4a76cf000 Exception <a 'java/lang/ClassNotFoundException'{0x00000000894981a8}: com/android/build/gradle/BaseExtensionBeanInfo> (0x00000000894981a8) thrown at [./src/hotspot/share/classfile/systemDictionary.cpp, line 231]
Event: 26.661 Thread 0x000001e4a76cf000 Exception <a 'java/lang/ClassNotFoundException'{0x00000000894b1e78}: com/android/build/gradle/BaseExtensionCustomizer> (0x00000000894b1e78) thrown at [./src/hotspot/share/classfile/systemDictionary.cpp, line 231]
Event: 26.699 Thread 0x000001e4a76cf000 Exception <a 'java/lang/ClassNotFoundException'{0x00000000893253e0}: com/android/build/gradle/TestedExtensionCustomizer> (0x00000000893253e0) thrown at [./src/hotspot/share/classfile/systemDictionary.cpp, line 231]
Event: 26.702 Thread 0x000001e4a76cf000 Exception <a 'java/lang/ClassNotFoundException'{0x000000008935a938}: com/android/build/gradle/AbstractAppExtensionCustomizer> (0x000000008935a938) thrown at [./src/hotspot/share/classfile/systemDictionary.cpp, line 231]
Event: 26.705 Thread 0x000001e4a76cf000 Exception <a 'java/lang/ClassNotFoundException'{0x0000000089389d00}: com/android/build/gradle/AppExtensionCustomizer> (0x0000000089389d00) thrown at [./src/hotspot/share/classfile/systemDictionary.cpp, line 231]
Event: 26.707 Thread 0x000001e4a76cf000 Exception <a 'java/lang/ClassNotFoundException'{0x00000000893bbc58}: com/android/build/gradle/internal/dsl/BaseAppModuleExtensionCustomizer> (0x00000000893bbc58) thrown at [./src/hotspot/share/classfile/systemDictionary.cpp, line 231]
Event: 26.725 Thread 0x000001e4a76cf000 Exception <a 'java/lang/ClassNotFoundException'{0x00000000892a88b8}: com/android/build/gradle/internal/dsl/BaseAppModuleExtension_DecoratedCustomizer> (0x00000000892a88b8) thrown at [./src/hotspot/share/classfile/systemDictionary.cpp, line 231]
Event: 27.799 Thread 0x000001e4a76cf000 Exception <a 'java/lang/ClassNotFoundException'{0x0000000088f1afe0}: org/gradle/api/internal/DefaultDomainObjectSet_DecoratedBeanInfo> (0x0000000088f1afe0) thrown at [./src/hotspot/share/classfile/systemDictionary.cpp, line 231]
Event: 27.802 Thread 0x000001e4a76cf000 Exception <a 'java/lang/ClassNotFoundException'{0x0000000088f4ee00}: org/gradle/api/internal/DefaultDomainObjectSet_DecoratedCustomizer> (0x0000000088f4ee00) thrown at [./src/hotspot/share/classfile/systemDictionary.cpp, line 231]
Event: 27.865 Thread 0x000001e4a76cf000 Exception <a 'java/lang/ClassNotFoundException'{0x0000000088ecf890}: com/google/firebase/crashlytics/buildtools/gradle/CrashlyticsPluginBeanInfo> (0x0000000088ecf890) thrown at [./src/hotspot/share/classfile/systemDictionary.cpp, line 231]
Event: 27.866 Thread 0x000001e4a76cf000 Exception <a 'java/lang/ClassNotFoundException'{0x0000000088eee370}: com/google/firebase/crashlytics/buildtools/gradle/CrashlyticsPluginCustomizer> (0x0000000088eee370) thrown at [./src/hotspot/share/classfile/systemDictionary.cpp, line 231]
Event: 28.888 Thread 0x000001e4a76cf000 Exception <a 'java/lang/ClassNotFoundException'{0x0000000088d7d2f8}: com/google/firebase/crashlytics/buildtools/log/CrashlyticsLogger$LevelBeanInfo> (0x0000000088d7d2f8) thrown at [./src/hotspot/share/classfile/systemDictionary.cpp, line 231]
Event: 28.889 Thread 0x000001e4a76cf000 Exception <a 'java/lang/ClassNotFoundException'{0x0000000088d9c1e0}: com/google/firebase/crashlytics/buildtools/log/CrashlyticsLogger$LevelCustomizer> (0x0000000088d9c1e0) thrown at [./src/hotspot/share/classfile/systemDictionary.cpp, line 231]

Events (20 events):
Event: 28.876 loading class org/codehaus/groovy/runtime/metaclass/DefaultMetaClassInfo$ConstantMetaClassVersioning
Event: 28.876 loading class org/codehaus/groovy/runtime/metaclass/DefaultMetaClassInfo$ConstantMetaClassVersioning done
Event: 28.878 loading class com/google/firebase/crashlytics/buildtools/Buildtools
Event: 28.878 loading class com/google/firebase/crashlytics/buildtools/Buildtools done
Event: 28.881 loading class com/google/firebase/crashlytics/buildtools/gradle/CrashlyticsGradleLogger
Event: 28.881 loading class com/google/firebase/crashlytics/buildtools/gradle/CrashlyticsGradleLogger done
Event: 28.883 loading class com/google/firebase/crashlytics/buildtools/log/CrashlyticsLogger
Event: 28.883 loading class com/google/firebase/crashlytics/buildtools/log/CrashlyticsLogger done
Event: 28.884 loading class com/google/firebase/crashlytics/buildtools/log/CrashlyticsLogger$Level
Event: 28.884 loading class com/google/firebase/crashlytics/buildtools/log/CrashlyticsLogger$Level done
Event: 28.885 loading class groovy/runtime/metaclass/com/google/firebase/crashlytics/buildtools/log/CrashlyticsLogger$LevelMetaClass
Event: 28.885 loading class groovy/runtime/metaclass/com/google/firebase/crashlytics/buildtools/log/CrashlyticsLogger$LevelMetaClass done
Event: 28.887 loading class com/google/firebase/crashlytics/buildtools/log/CrashlyticsLogger$LevelBeanInfo
Event: 28.887 loading class com/google/firebase/crashlytics/buildtools/log/CrashlyticsLogger$LevelBeanInfo done
Event: 28.888 loading class com/google/firebase/crashlytics/buildtools/log/CrashlyticsLogger$LevelBeanInfo
Event: 28.888 loading class com/google/firebase/crashlytics/buildtools/log/CrashlyticsLogger$LevelBeanInfo done
Event: 28.888 loading class com/google/firebase/crashlytics/buildtools/log/CrashlyticsLogger$LevelCustomizer
Event: 28.888 loading class com/google/firebase/crashlytics/buildtools/log/CrashlyticsLogger$LevelCustomizer done
Event: 28.889 loading class com/google/firebase/crashlytics/buildtools/log/CrashlyticsLogger$LevelCustomizer
Event: 28.889 loading class com/google/firebase/crashlytics/buildtools/log/CrashlyticsLogger$LevelCustomizer done


Dynamic libraries:
0x00007ff7a6650000 - 0x00007ff7a665a000 	C:\Program Files\Android\Android Studio\jre\bin\java.exe
0x00007ff96ddd0000 - 0x00007ff96dfbf000 	C:\Windows\SYSTEM32\ntdll.dll
0x00007ff96c0e0000 - 0x00007ff96c193000 	C:\Windows\System32\KERNEL32.DLL
0x00007ff96ad60000 - 0x00007ff96affd000 	C:\Windows\System32\KERNELBASE.dll
0x00007ff969e60000 - 0x00007ff969f5a000 	C:\Windows\System32\ucrtbase.dll
0x00007ff965dc0000 - 0x00007ff965dd9000 	C:\Program Files\Android\Android Studio\jre\bin\jli.dll
0x00007ff96db40000 - 0x00007ff96dcd8000 	C:\Windows\System32\USER32.dll
0x00007ff969ff0000 - 0x00007ff96a010000 	C:\Windows\System32\win32u.dll
0x00007ff96b4d0000 - 0x00007ff96b4f9000 	C:\Windows\System32\GDI32.dll
0x00007ff959ee0000 - 0x00007ff959ef7000 	C:\Program Files\Android\Android Studio\jre\bin\VCRUNTIME140.dll
0x00007ff96a390000 - 0x00007ff96a536000 	C:\Windows\System32\gdi32full.dll
0x00007ff96a070000 - 0x00007ff96a110000 	C:\Windows\System32\msvcp_win.dll
0x00007ff95d6e0000 - 0x00007ff95d959000 	C:\Windows\WinSxS\amd64_microsoft.windows.common-controls_6595b64144ccf1df_6.0.17763.4377_none_de744a4e53489aa3\COMCTL32.dll
0x00007ff96bfc0000 - 0x00007ff96c05e000 	C:\Windows\System32\msvcrt.dll
0x00007ff96b6d0000 - 0x00007ff96b9fb000 	C:\Windows\System32\combase.dll
0x00007ff96d9a0000 - 0x00007ff96dabe000 	C:\Windows\System32\RPCRT4.dll
0x00007ff969f60000 - 0x00007ff969fe2000 	C:\Windows\System32\bcryptPrimitives.dll
0x00007ff96baa0000 - 0x00007ff96bace000 	C:\Windows\System32\IMM32.DLL
0x00007ff94ffa0000 - 0x00007ff95003d000 	C:\Program Files\Android\Android Studio\jre\bin\msvcp140.dll
0x00007ff8de050000 - 0x00007ff8deb52000 	C:\Program Files\Android\Android Studio\jre\bin\server\jvm.dll
0x00007ff96b420000 - 0x00007ff96b4c7000 	C:\Windows\System32\ADVAPI32.dll
0x00007ff96ba00000 - 0x00007ff96ba9f000 	C:\Windows\System32\sechost.dll
0x00007ff96dac0000 - 0x00007ff96dac8000 	C:\Windows\System32\PSAPI.DLL
0x00007ff95bf50000 - 0x00007ff95bf59000 	C:\Windows\SYSTEM32\WSOCK32.dll
0x00007ff96bf50000 - 0x00007ff96bfbd000 	C:\Windows\System32\WS2_32.dll
0x00007ff95f6c0000 - 0x00007ff95f6e4000 	C:\Windows\SYSTEM32\WINMM.dll
0x00007ff95eef0000 - 0x00007ff95eefa000 	C:\Windows\SYSTEM32\VERSION.dll
0x00007ff95f4b0000 - 0x00007ff95f4dd000 	C:\Windows\SYSTEM32\WINMMBASE.dll
0x00007ff96a310000 - 0x00007ff96a35a000 	C:\Windows\System32\cfgmgr32.dll
0x00007ff969e40000 - 0x00007ff969e51000 	C:\Windows\System32\kernel.appcore.dll
0x00007ff962d20000 - 0x00007ff962d31000 	C:\Program Files\Android\Android Studio\jre\bin\verify.dll
0x00007ff961d90000 - 0x00007ff961f7d000 	C:\Windows\SYSTEM32\DBGHELP.DLL
0x00007ff9610b0000 - 0x00007ff9610da000 	C:\Windows\SYSTEM32\dbgcore.DLL
0x00007ff962580000 - 0x00007ff9625a9000 	C:\Program Files\Android\Android Studio\jre\bin\java.dll
0x00007ff962e80000 - 0x00007ff962e8b000 	C:\Program Files\Android\Android Studio\jre\bin\jimage.dll
0x00007ff962560000 - 0x00007ff962578000 	C:\Program Files\Android\Android Studio\jre\bin\zip.dll
0x00007ff96c350000 - 0x00007ff96d848000 	C:\Windows\System32\SHELL32.dll
0x00007ff96b0b0000 - 0x00007ff96b157000 	C:\Windows\System32\shcore.dll
0x00007ff96a540000 - 0x00007ff96ac89000 	C:\Windows\System32\windows.storage.dll
0x00007ff969d90000 - 0x00007ff969db3000 	C:\Windows\System32\profapi.dll
0x00007ff969dc0000 - 0x00007ff969e1d000 	C:\Windows\System32\powrprof.dll
0x00007ff96dd40000 - 0x00007ff96dd92000 	C:\Windows\System32\shlwapi.dll
0x00007ff96ac90000 - 0x00007ff96acab000 	C:\Windows\System32\cryptsp.dll
0x00007ff961810000 - 0x00007ff96182a000 	C:\Program Files\Android\Android Studio\jre\bin\net.dll
0x00007ff965570000 - 0x00007ff96566f000 	C:\Windows\SYSTEM32\WINHTTP.dll
0x00007ff969580000 - 0x00007ff9695e7000 	C:\Windows\system32\mswsock.dll
0x00007ff95e8d0000 - 0x00007ff95e8e4000 	C:\Program Files\Android\Android Studio\jre\bin\nio.dll
0x00007ff950a70000 - 0x00007ff950a97000 	C:\Users\Maxim\.gradle\native\e1d6ef7f7dcc3fd88c89a11ec53ec762bb8ba0a96d01ffa2cd45eb1d1d8dd5c5\windows-amd64\native-platform.dll
0x00007ff92b640000 - 0x00007ff92b784000 	C:\Users\Maxim\.gradle\native\5664cfc778a61ccfe75a443a1ab52a65af34e5dc3c78e0209fed803814484fcb\windows-amd64\native-platform-file-events.dll
0x00007ff962550000 - 0x00007ff96255a000 	C:\Program Files\Android\Android Studio\jre\bin\management.dll
0x00007ff962190000 - 0x00007ff96219d000 	C:\Program Files\Android\Android Studio\jre\bin\management_ext.dll
0x00007ff969100000 - 0x00007ff969133000 	C:\Windows\system32\rsaenh.dll
0x00007ff96a360000 - 0x00007ff96a386000 	C:\Windows\System32\bcrypt.dll
0x00007ff969c90000 - 0x00007ff969cb9000 	C:\Windows\SYSTEM32\USERENV.dll
0x00007ff969750000 - 0x00007ff96975c000 	C:\Windows\SYSTEM32\CRYPTBASE.dll
0x00007ff969290000 - 0x00007ff9692cd000 	C:\Windows\SYSTEM32\IPHLPAPI.DLL
0x00007ff96b560000 - 0x00007ff96b568000 	C:\Windows\System32\NSI.dll
0x00007ff95f730000 - 0x00007ff95f746000 	C:\Windows\SYSTEM32\dhcpcsvc6.DLL
0x00007ff960710000 - 0x00007ff96072c000 	C:\Windows\SYSTEM32\dhcpcsvc.DLL
0x00007ff9692d0000 - 0x00007ff969396000 	C:\Windows\SYSTEM32\DNSAPI.dll

dbghelp: loaded successfully - version: 4.0.5 - missing functions: none
symbol engine: initialized successfully - sym options: 0x614 - pdb path: .;C:\Program Files\Android\Android Studio\jre\bin;C:\Windows\SYSTEM32;C:\Windows\WinSxS\amd64_microsoft.windows.common-controls_6595b64144ccf1df_6.0.17763.4377_none_de744a4e53489aa3;C:\Program Files\Android\Android Studio\jre\bin\server;C:\Users\Maxim\.gradle\native\e1d6ef7f7dcc3fd88c89a11ec53ec762bb8ba0a96d01ffa2cd45eb1d1d8dd5c5\windows-amd64;C:\Users\Maxim\.gradle\native\5664cfc778a61ccfe75a443a1ab52a65af34e5dc3c78e0209fed803814484fcb\windows-amd64

VM Arguments:
jvm_args: --add-opens=java.base/java.util=ALL-UNNAMED --add-opens=java.base/java.lang=ALL-UNNAMED --add-opens=java.base/java.lang.invoke=ALL-UNNAMED --add-opens=java.base/java.util=ALL-UNNAMED --add-opens=java.prefs/java.util.prefs=ALL-UNNAMED --add-opens=java.prefs/java.util.prefs=ALL-UNNAMED --add-opens=java.base/java.nio.charset=ALL-UNNAMED --add-opens=java.base/java.net=ALL-UNNAMED --add-opens=java.base/java.util.concurrent.atomic=ALL-UNNAMED -Xmx2048m -Dfile.encoding=UTF-8 -Duser.country=RU -Duser.language=ru -Duser.variant 
java_command: org.gradle.launcher.daemon.bootstrap.GradleDaemon 7.3.3
java_class_path (initial): C:\Users\Maxim\.gradle\wrapper\dists\gradle-7.3.3-bin\6a41zxkdtcxs8rphpq6y0069z\gradle-7.3.3\lib\gradle-launcher-7.3.3.jar
Launcher Type: SUN_STANDARD

[Global flags]
     intx CICompilerCount                          = 3                                         {product} {ergonomic}
     uint ConcGCThreads                            = 1                                         {product} {ergonomic}
     uint G1ConcRefinementThreads                  = 4                                         {product} {ergonomic}
   size_t G1HeapRegionSize                         = 1048576                                   {product} {ergonomic}
    uintx GCDrainStackTargetSize                   = 64                                        {product} {ergonomic}
   size_t InitialHeapSize                          = 268435456                                 {product} {ergonomic}
   size_t MarkStackSize                            = 4194304                                   {product} {ergonomic}
   size_t MaxHeapSize                              = 2147483648                                {product} {command line}
   size_t MaxNewSize                               = 1287651328                                {product} {ergonomic}
   size_t MinHeapDeltaBytes                        = 1048576                                   {product} {ergonomic}
    uintx NonNMethodCodeHeapSize                   = 5830732                                {pd product} {ergonomic}
    uintx NonProfiledCodeHeapSize                  = 122913754                              {pd product} {ergonomic}
    uintx ProfiledCodeHeapSize                     = 122913754                              {pd product} {ergonomic}
    uintx ReservedCodeCacheSize                    = 251658240                              {pd product} {ergonomic}
     bool SegmentedCodeCache                       = true                                      {product} {ergonomic}
     bool UseCompressedClassPointers               = true                                 {lp64_product} {ergonomic}
     bool UseCompressedOops                        = true                                 {lp64_product} {ergonomic}
     bool UseG1GC                                  = true                                      {product} {ergonomic}
     bool UseLargePagesIndividualAllocation        = false                                  {pd product} {ergonomic}

Logging:
Log output configuration:
 #0: stdout all=warning uptime,level,tags
 #1: stderr all=off uptime,level,tags

Environment Variables:
PATH=C:\Program Files\Common Files\Oracle\Java\javapath;C:\Program Files (x86)\Common Files\Intel\Shared Libraries\redist\intel64\compiler;C:\Program Files (x86)\Common Files\Intel\Shared Libraries\redist\ia32\compiler;C:\Program Files (x86)\Intel\iCLS Client\;C:\Program Files\Intel\iCLS Client\;C:\Windows\system32;C:\Windows;C:\Windows\System32\Wbem;C:\Windows\System32\WindowsPowerShell\v1.0\;C:\Windows\System32\OpenSSH\;C:\Program Files (x86)\Intel\Intel(R) Management Engine Components\DAL;C:\Program Files\Intel\Intel(R) Management Engine Components\DAL;C:\Program Files (x86)\Intel\Intel(R) Management Engine Components\IPT;C:\Program Files\Intel\Intel(R) Management Engine Components\IPT;C:\Program Files\dotnet\;C:\Program Files\Microsoft SQL Server\130\Tools\Binn\;C:\Program Files\Git\cmd;C:\Program Files\Polyspace\R2021a\runtime\win64;C:\Program Files\Polyspace\R2021a\bin;C:\Program Files\Polyspace\R2021a\polyspace\bin;C:\Program Files (x86)\dotnet\;C:\Program Files\MongoDB\Server\5.0\bin;C:\Users\Maxim\AppData\Local\Programs\mongosh;C:\Users\Maxim\AppData\Local\Microsoft\WindowsApps;C:\Users\Maxim\.dotnet\tools;C:\Users\Maxim\AppData\Local\GitHubDesktop\bin;C:\Users\Maxim\AppData\Local\Programs\Microsoft VS Code\bin;C:\Users\Maxim\AppData\Local\Programs\mongosh\
USERNAME=Maxim
OS=Windows_NT
PROCESSOR_IDENTIFIER=Intel64 Family 6 Model 61 Stepping 4, GenuineIntel



---------------  S Y S T E M  ---------------

OS: Windows 10 , 64 bit Build 17763 (10.0.17763.4377)
OS uptime: 7 days 2:18 hours

CPU:total 4 (initial active 4) (2 cores per cpu, 2 threads per core) family 6 model 61 stepping 4 microcode 0x2f, cmov, cx8, fxsr, mmx, sse, sse2, sse3, ssse3, sse4.1, sse4.2, popcnt, avx, avx2, aes, clmul, erms, rtm, 3dnowpref, lzcnt, ht, tsc, tscinvbit, bmi1, bmi2, adx, fma

Memory: 4k page, system-wide physical 16259M (5200M free)
TotalPageFile size 39216M (AvailPageFile size 10M)
current process WorkingSet (physical memory assigned to process): 412M, peak: 412M
current process commit charge ("private bytes"): 498M, peak: 498M

vm_info: OpenJDK 64-Bit Server VM (11.0.13+0-b1751.21-8125866) for windows-amd64 JRE (11.0.13+0-b1751.21-8125866), built on Feb  2 2022 03:00:22 by "builder" with MS VC++ 14.0 (VS2015)

END.
